{"/Users/ramon.rocha/Documents/projetoPessoalBackAnd/src/app.module.ts": {"path":"/Users/ramon.rocha/Documents/projetoPessoalBackAnd/src/app.module.ts","statementMap":{"0":{"start":{"line":1,"column":0},"end":{"line":1,"column":40}},"1":{"start":{"line":2,"column":0},"end":{"line":2,"column":41}},"2":{"start":{"line":3,"column":0},"end":{"line":3,"column":68}},"3":{"start":{"line":4,"column":0},"end":{"line":4,"column":56}},"4":{"start":{"line":5,"column":0},"end":{"line":5,"column":71}},"5":{"start":{"line":6,"column":0},"end":{"line":6,"column":59}},"6":{"start":{"line":7,"column":0},"end":{"line":7,"column":68}},"7":{"start":{"line":8,"column":0},"end":{"line":8,"column":71}},"8":{"start":{"line":9,"column":0},"end":{"line":9,"column":65}},"9":{"start":{"line":10,"column":0},"end":{"line":10,"column":83}},"10":{"start":{"line":11,"column":0},"end":{"line":11,"column":71}},"11":{"start":{"line":12,"column":0},"end":{"line":12,"column":59}},"12":{"start":{"line":13,"column":0},"end":{"line":13,"column":59}},"13":{"start":{"line":14,"column":0},"end":{"line":14,"column":68}},"14":{"start":{"line":15,"column":0},"end":{"line":15,"column":62}},"15":{"start":{"line":16,"column":0},"end":{"line":16,"column":65}},"16":{"start":{"line":17,"column":0},"end":{"line":17,"column":68}},"17":{"start":{"line":18,"column":0},"end":{"line":18,"column":56}},"18":{"start":{"line":52,"column":7},"end":{"line":52,"column":null}},"19":{"start":{"line":52,"column":13},"end":{"line":52,"column":22}},"20":{"start":{"line":52,"column":13},"end":{"line":52,"column":null}}},"fnMap":{},"branchMap":{},"s":{"0":0,"1":0,"2":0,"3":0,"4":0,"5":0,"6":0,"7":0,"8":0,"9":0,"10":0,"11":0,"12":0,"13":0,"14":0,"15":0,"16":0,"17":0,"18":0,"19":0,"20":0},"f":{},"b":{}}
,"/Users/ramon.rocha/Documents/projetoPessoalBackAnd/src/main.ts": {"path":"/Users/ramon.rocha/Documents/projetoPessoalBackAnd/src/main.ts","statementMap":{"0":{"start":{"line":1,"column":0},"end":{"line":1,"column":43}},"1":{"start":{"line":2,"column":0},"end":{"line":2,"column":65}},"2":{"start":{"line":3,"column":0},"end":{"line":3,"column":48}},"3":{"start":{"line":4,"column":0},"end":{"line":4,"column":41}},"4":{"start":{"line":5,"column":0},"end":{"line":5,"column":28}},"5":{"start":{"line":6,"column":0},"end":{"line":6,"column":41}},"6":{"start":{"line":7,"column":0},"end":{"line":7,"column":39}},"7":{"start":{"line":8,"column":0},"end":{"line":8,"column":56}},"8":{"start":{"line":9,"column":0},"end":{"line":9,"column":64}},"9":{"start":{"line":13,"column":2},"end":{"line":20,"column":3}},"10":{"start":{"line":14,"column":4},"end":{"line":18,"column":7}},"11":{"start":{"line":19,"column":4},"end":{"line":19,"column":40}},"12":{"start":{"line":22,"column":14},"end":{"line":24,"column":4}},"13":{"start":{"line":27,"column":2},"end":{"line":29,"column":3}},"14":{"start":{"line":28,"column":4},"end":{"line":28,"column":55}},"15":{"start":{"line":32,"column":2},"end":{"line":32,"column":26}},"16":{"start":{"line":35,"column":2},"end":{"line":46,"column":5}},"17":{"start":{"line":49,"column":2},"end":{"line":64,"column":6}},"18":{"start":{"line":67,"column":2},"end":{"line":71,"column":6}},"19":{"start":{"line":74,"column":2},"end":{"line":74,"column":29}},"20":{"start":{"line":77,"column":17},"end":{"line":87,"column":12}},"21":{"start":{"line":89,"column":19},"end":{"line":89,"column":60}},"22":{"start":{"line":90,"column":2},"end":{"line":90,"column":49}},"23":{"start":{"line":92,"column":15},"end":{"line":92,"column":39}},"24":{"start":{"line":93,"column":2},"end":{"line":93,"column":25}},"25":{"start":{"line":95,"column":2},"end":{"line":95,"column":72}},"26":{"start":{"line":96,"column":2},"end":{"line":96,"column":77}},"27":{"start":{"line":97,"column":2},"end":{"line":97,"column":69}},"28":{"start":{"line":98,"column":2},"end":{"line":98,"column":70}},"29":{"start":{"line":99,"column":2},"end":{"line":99,"column":66}},"30":{"start":{"line":101,"column":2},"end":{"line":103,"column":3}},"31":{"start":{"line":102,"column":4},"end":{"line":102,"column":53}},"32":{"start":{"line":105,"column":2},"end":{"line":107,"column":3}},"33":{"start":{"line":106,"column":4},"end":{"line":106,"column":48}},"34":{"start":{"line":110,"column":0},"end":{"line":110,"column":12}}},"fnMap":{"0":{"name":"bootstrap","decl":{"start":{"line":11,"column":15},"end":{"line":11,"column":24}},"loc":{"start":{"line":11,"column":24},"end":{"line":108,"column":1}}}},"branchMap":{"0":{"loc":{"start":{"line":13,"column":2},"end":{"line":20,"column":3}},"type":"if","locations":[{"start":{"line":13,"column":2},"end":{"line":20,"column":3}}]},"1":{"loc":{"start":{"line":16,"column":19},"end":{"line":16,"column":90}},"type":"binary-expr","locations":[{"start":{"line":16,"column":19},"end":{"line":16,"column":49}},{"start":{"line":16,"column":53},"end":{"line":16,"column":73}},{"start":{"line":16,"column":77},"end":{"line":16,"column":90}}]},"2":{"loc":{"start":{"line":17,"column":24},"end":{"line":17,"column":73}},"type":"cond-expr","locations":[{"start":{"line":17,"column":64},"end":{"line":17,"column":67}},{"start":{"line":17,"column":70},"end":{"line":17,"column":73}}]},"3":{"loc":{"start":{"line":27,"column":2},"end":{"line":29,"column":3}},"type":"if","locations":[{"start":{"line":27,"column":2},"end":{"line":29,"column":3}}]},"4":{"loc":{"start":{"line":92,"column":15},"end":{"line":92,"column":39}},"type":"binary-expr","locations":[{"start":{"line":92,"column":15},"end":{"line":92,"column":31}},{"start":{"line":92,"column":35},"end":{"line":92,"column":39}}]},"5":{"loc":{"start":{"line":101,"column":2},"end":{"line":103,"column":3}},"type":"if","locations":[{"start":{"line":101,"column":2},"end":{"line":103,"column":3}}]},"6":{"loc":{"start":{"line":105,"column":2},"end":{"line":107,"column":3}},"type":"if","locations":[{"start":{"line":105,"column":2},"end":{"line":107,"column":3}}]}},"s":{"0":0,"1":0,"2":0,"3":0,"4":0,"5":0,"6":0,"7":0,"8":0,"9":0,"10":0,"11":0,"12":0,"13":0,"14":0,"15":0,"16":0,"17":0,"18":0,"19":0,"20":0,"21":0,"22":0,"23":0,"24":0,"25":0,"26":0,"27":0,"28":0,"29":0,"30":0,"31":0,"32":0,"33":0,"34":0},"f":{"0":0},"b":{"0":[0],"1":[0,0,0],"2":[0,0],"3":[0],"4":[0,0],"5":[0],"6":[0]}}
,"/Users/ramon.rocha/Documents/projetoPessoalBackAnd/src/common/logger.example.ts": {"path":"/Users/ramon.rocha/Documents/projetoPessoalBackAnd/src/common/logger.example.ts","statementMap":{"0":{"start":{"line":1,"column":0},"end":{"line":1,"column":44}},"1":{"start":{"line":2,"column":0},"end":{"line":2,"column":49}},"2":{"start":{"line":3,"column":0},"end":{"line":3,"column":49}},"3":{"start":{"line":13,"column":7},"end":{"line":95,"column":null}},"4":{"start":{"line":15,"column":12},"end":{"line":15,"column":20}},"5":{"start":{"line":16,"column":12},"end":{"line":16,"column":20}},"6":{"start":{"line":20,"column":4},"end":{"line":43,"column":5}},"7":{"start":{"line":21,"column":6},"end":{"line":24,"column":8}},"8":{"start":{"line":26,"column":22},"end":{"line":28,"column":8}},"9":{"start":{"line":30,"column":6},"end":{"line":33,"column":8}},"10":{"start":{"line":35,"column":6},"end":{"line":35,"column":21}},"11":{"start":{"line":37,"column":6},"end":{"line":41,"column":8}},"12":{"start":{"line":42,"column":6},"end":{"line":42,"column":18}},"13":{"start":{"line":47,"column":4},"end":{"line":50,"column":6}},"14":{"start":{"line":52,"column":4},"end":{"line":69,"column":5}},"15":{"start":{"line":54,"column":6},"end":{"line":54,"column":62}},"16":{"start":{"line":54,"column":35},"end":{"line":54,"column":60}},"17":{"start":{"line":56,"column":6},"end":{"line":59,"column":8}},"18":{"start":{"line":61,"column":6},"end":{"line":61,"column":31}},"19":{"start":{"line":63,"column":6},"end":{"line":67,"column":8}},"20":{"start":{"line":68,"column":6},"end":{"line":68,"column":18}},"21":{"start":{"line":73,"column":4},"end":{"line":76,"column":6}},"22":{"start":{"line":79,"column":4},"end":{"line":85,"column":5}},"23":{"start":{"line":80,"column":6},"end":{"line":83,"column":8}},"24":{"start":{"line":84,"column":6},"end":{"line":84,"column":13}},"25":{"start":{"line":88,"column":4},"end":{"line":91,"column":6}},"26":{"start":{"line":13,"column":13},"end":{"line":13,"column":27}},"27":{"start":{"line":13,"column":13},"end":{"line":95,"column":null}}},"fnMap":{"0":{"name":"(anonymous_2)","decl":{"start":{"line":14,"column":2},"end":{"line":14,"column":null}},"loc":{"start":{"line":16,"column":33},"end":{"line":17,"column":6}}},"1":{"name":"(anonymous_3)","decl":{"start":{"line":19,"column":2},"end":{"line":19,"column":7}},"loc":{"start":{"line":19,"column":31},"end":{"line":44,"column":3}}},"2":{"name":"(anonymous_4)","decl":{"start":{"line":46,"column":2},"end":{"line":46,"column":7}},"loc":{"start":{"line":46,"column":53},"end":{"line":70,"column":3}}},"3":{"name":"(anonymous_5)","decl":{"start":{"line":54,"column":24},"end":{"line":54,"column":31}},"loc":{"start":{"line":54,"column":35},"end":{"line":54,"column":60}}},"4":{"name":"(anonymous_6)","decl":{"start":{"line":72,"column":2},"end":{"line":72,"column":7}},"loc":{"start":{"line":72,"column":56},"end":{"line":94,"column":3}}}},"branchMap":{"0":{"loc":{"start":{"line":79,"column":4},"end":{"line":85,"column":5}},"type":"if","locations":[{"start":{"line":79,"column":4},"end":{"line":85,"column":5}}]}},"s":{"0":0,"1":0,"2":0,"3":0,"4":0,"5":0,"6":0,"7":0,"8":0,"9":0,"10":0,"11":0,"12":0,"13":0,"14":0,"15":0,"16":0,"17":0,"18":0,"19":0,"20":0,"21":0,"22":0,"23":0,"24":0,"25":0,"26":0,"27":0},"f":{"0":0,"1":0,"2":0,"3":0,"4":0},"b":{"0":[0]}}
,"/Users/ramon.rocha/Documents/projetoPessoalBackAnd/src/common/logger.service.ts": {"path":"/Users/ramon.rocha/Documents/projetoPessoalBackAnd/src/common/logger.service.ts","statementMap":{"0":{"start":{"line":1,"column":0},"end":{"line":1,"column":80}},"1":{"start":{"line":2,"column":0},"end":{"line":2,"column":41}},"2":{"start":{"line":5,"column":7},"end":{"line":76,"column":null}},"3":{"start":{"line":9,"column":4},"end":{"line":11,"column":5}},"4":{"start":{"line":10,"column":6},"end":{"line":10,"column":72}},"5":{"start":{"line":15,"column":4},"end":{"line":15,"column":44}},"6":{"start":{"line":19,"column":4},"end":{"line":19,"column":56}},"7":{"start":{"line":23,"column":4},"end":{"line":23,"column":44}},"8":{"start":{"line":27,"column":4},"end":{"line":29,"column":5}},"9":{"start":{"line":28,"column":6},"end":{"line":28,"column":47}},"10":{"start":{"line":33,"column":4},"end":{"line":35,"column":5}},"11":{"start":{"line":34,"column":6},"end":{"line":34,"column":49}},"12":{"start":{"line":39,"column":16},"end":{"line":46,"column":6}},"13":{"start":{"line":49,"column":18},"end":{"line":49,"column":38}},"14":{"start":{"line":50,"column":4},"end":{"line":50,"column":123}},"15":{"start":{"line":52,"column":4},"end":{"line":54,"column":5}},"16":{"start":{"line":53,"column":6},"end":{"line":53,"column":33}},"17":{"start":{"line":57,"column":4},"end":{"line":59,"column":5}},"18":{"start":{"line":58,"column":6},"end":{"line":58,"column":40}},"19":{"start":{"line":63,"column":19},"end":{"line":69,"column":6}},"20":{"start":{"line":70,"column":4},"end":{"line":70,"column":31}},"21":{"start":{"line":74,"column":4},"end":{"line":74,"column":21}},"22":{"start":{"line":5,"column":13},"end":{"line":5,"column":26}},"23":{"start":{"line":5,"column":13},"end":{"line":76,"column":null}}},"fnMap":{"0":{"name":"(anonymous_11)","decl":{"start":{"line":8,"column":2},"end":{"line":8,"column":null}},"loc":{"start":{"line":8,"column":2},"end":{"line":12,"column":3}}},"1":{"name":"(anonymous_12)","decl":{"start":{"line":14,"column":2},"end":{"line":14,"column":5}},"loc":{"start":{"line":14,"column":39},"end":{"line":16,"column":3}}},"2":{"name":"(anonymous_13)","decl":{"start":{"line":18,"column":2},"end":{"line":18,"column":7}},"loc":{"start":{"line":18,"column":57},"end":{"line":20,"column":3}}},"3":{"name":"(anonymous_14)","decl":{"start":{"line":22,"column":2},"end":{"line":22,"column":6}},"loc":{"start":{"line":22,"column":40},"end":{"line":24,"column":3}}},"4":{"name":"(anonymous_15)","decl":{"start":{"line":26,"column":2},"end":{"line":26,"column":7}},"loc":{"start":{"line":26,"column":41},"end":{"line":30,"column":3}}},"5":{"name":"(anonymous_16)","decl":{"start":{"line":32,"column":2},"end":{"line":32,"column":9}},"loc":{"start":{"line":32,"column":43},"end":{"line":36,"column":3}}},"6":{"name":"(anonymous_17)","decl":{"start":{"line":38,"column":10},"end":{"line":38,"column":18}},"loc":{"start":{"line":38,"column":80},"end":{"line":60,"column":3}}},"7":{"name":"(anonymous_18)","decl":{"start":{"line":62,"column":10},"end":{"line":62,"column":18}},"loc":{"start":{"line":62,"column":32},"end":{"line":71,"column":3}}},"8":{"name":"(anonymous_19)","decl":{"start":{"line":73,"column":10},"end":{"line":73,"column":20}},"loc":{"start":{"line":73,"column":20},"end":{"line":75,"column":3}}}},"branchMap":{"0":{"loc":{"start":{"line":9,"column":4},"end":{"line":11,"column":5}},"type":"if","locations":[{"start":{"line":9,"column":4},"end":{"line":11,"column":5}}]},"1":{"loc":{"start":{"line":27,"column":4},"end":{"line":29,"column":5}},"type":"if","locations":[{"start":{"line":27,"column":4},"end":{"line":29,"column":5}}]},"2":{"loc":{"start":{"line":33,"column":4},"end":{"line":35,"column":5}},"type":"if","locations":[{"start":{"line":33,"column":4},"end":{"line":35,"column":5}}]},"3":{"loc":{"start":{"line":42,"column":15},"end":{"line":42,"column":39}},"type":"binary-expr","locations":[{"start":{"line":42,"column":15},"end":{"line":42,"column":22}},{"start":{"line":42,"column":26},"end":{"line":42,"column":39}}]},"4":{"loc":{"start":{"line":44,"column":19},"end":{"line":44,"column":56}},"type":"binary-expr","locations":[{"start":{"line":44,"column":19},"end":{"line":44,"column":39}},{"start":{"line":44,"column":43},"end":{"line":44,"column":56}}]},"5":{"loc":{"start":{"line":52,"column":4},"end":{"line":54,"column":5}},"type":"if","locations":[{"start":{"line":52,"column":4},"end":{"line":54,"column":5}}]},"6":{"loc":{"start":{"line":57,"column":4},"end":{"line":59,"column":5}},"type":"if","locations":[{"start":{"line":57,"column":4},"end":{"line":59,"column":5}}]},"7":{"loc":{"start":{"line":70,"column":11},"end":{"line":70,"column":30}},"type":"binary-expr","locations":[{"start":{"line":70,"column":11},"end":{"line":70,"column":24}},{"start":{"line":70,"column":28},"end":{"line":70,"column":30}}]}},"s":{"0":0,"1":0,"2":0,"3":0,"4":0,"5":0,"6":0,"7":0,"8":0,"9":0,"10":0,"11":0,"12":0,"13":0,"14":0,"15":0,"16":0,"17":0,"18":0,"19":0,"20":0,"21":0,"22":0,"23":0},"f":{"0":0,"1":0,"2":0,"3":0,"4":0,"5":0,"6":0,"7":0,"8":0},"b":{"0":[0],"1":[0],"2":[0],"3":[0,0],"4":[0,0],"5":[0],"6":[0],"7":[0,0]}}
,"/Users/ramon.rocha/Documents/projetoPessoalBackAnd/src/common/prisma.service.ts": {"path":"/Users/ramon.rocha/Documents/projetoPessoalBackAnd/src/common/prisma.service.ts","statementMap":{"0":{"start":{"line":1,"column":0},"end":{"line":1,"column":75}},"1":{"start":{"line":2,"column":0},"end":{"line":2,"column":46}},"2":{"start":{"line":5,"column":7},"end":{"line":13,"column":null}},"3":{"start":{"line":7,"column":4},"end":{"line":7,"column":26}},"4":{"start":{"line":11,"column":4},"end":{"line":11,"column":29}},"5":{"start":{"line":5,"column":13},"end":{"line":5,"column":26}},"6":{"start":{"line":5,"column":13},"end":{"line":13,"column":null}}},"fnMap":{"0":{"name":"(anonymous_1)","decl":{"start":{"line":6,"column":2},"end":{"line":6,"column":7}},"loc":{"start":{"line":6,"column":20},"end":{"line":8,"column":3}}},"1":{"name":"(anonymous_2)","decl":{"start":{"line":10,"column":2},"end":{"line":10,"column":7}},"loc":{"start":{"line":10,"column":23},"end":{"line":12,"column":3}}}},"branchMap":{},"s":{"0":2,"1":2,"2":2,"3":0,"4":0,"5":2,"6":2},"f":{"0":0,"1":0},"b":{}}
,"/Users/ramon.rocha/Documents/projetoPessoalBackAnd/src/common/sentry.interceptor.ts": {"path":"/Users/ramon.rocha/Documents/projetoPessoalBackAnd/src/common/sentry.interceptor.ts","statementMap":{"0":{"start":{"line":1,"column":0},"end":{"line":1,"column":null}},"1":{"start":{"line":8,"column":0},"end":{"line":8,"column":46}},"2":{"start":{"line":9,"column":0},"end":{"line":9,"column":44}},"3":{"start":{"line":10,"column":0},"end":{"line":10,"column":39}},"4":{"start":{"line":13,"column":7},"end":{"line":71,"column":null}},"5":{"start":{"line":15,"column":4},"end":{"line":51,"column":6}},"6":{"start":{"line":18,"column":8},"end":{"line":47,"column":9}},"7":{"start":{"line":19,"column":26},"end":{"line":19,"column":61}},"8":{"start":{"line":21,"column":10},"end":{"line":46,"column":13}},"9":{"start":{"line":23,"column":12},"end":{"line":29,"column":13}},"10":{"start":{"line":24,"column":14},"end":{"line":28,"column":17}},"11":{"start":{"line":32,"column":12},"end":{"line":38,"column":15}},"12":{"start":{"line":41,"column":12},"end":{"line":41,"column":73}},"13":{"start":{"line":42,"column":12},"end":{"line":42,"column":61}},"14":{"start":{"line":45,"column":12},"end":{"line":45,"column":43}},"15":{"start":{"line":49,"column":8},"end":{"line":49,"column":39}},"16":{"start":{"line":49,"column":32},"end":{"line":49,"column":37}},"17":{"start":{"line":55,"column":22},"end":{"line":55,"column":36}},"18":{"start":{"line":57,"column":4},"end":{"line":57,"column":35}},"19":{"start":{"line":58,"column":4},"end":{"line":58,"column":28}},"20":{"start":{"line":59,"column":4},"end":{"line":59,"column":21}},"21":{"start":{"line":63,"column":4},"end":{"line":63,"column":27}},"22":{"start":{"line":63,"column":15},"end":{"line":63,"column":27}},"23":{"start":{"line":64,"column":22},"end":{"line":64,"column":33}},"24":{"start":{"line":66,"column":4},"end":{"line":66,"column":30}},"25":{"start":{"line":67,"column":4},"end":{"line":67,"column":27}},"26":{"start":{"line":68,"column":4},"end":{"line":68,"column":32}},"27":{"start":{"line":69,"column":4},"end":{"line":69,"column":21}},"28":{"start":{"line":13,"column":13},"end":{"line":13,"column":30}},"29":{"start":{"line":13,"column":13},"end":{"line":71,"column":null}}},"fnMap":{"0":{"name":"(anonymous_10)","decl":{"start":{"line":14,"column":2},"end":{"line":14,"column":11}},"loc":{"start":{"line":14,"column":56},"end":{"line":52,"column":3}}},"1":{"name":"(anonymous_11)","decl":{"start":{"line":16,"column":17},"end":{"line":16,"column":18}},"loc":{"start":{"line":16,"column":27},"end":{"line":50,"column":7}}},"2":{"name":"(anonymous_12)","decl":{"start":{"line":21,"column":27},"end":{"line":21,"column":28}},"loc":{"start":{"line":21,"column":37},"end":{"line":46,"column":11}}},"3":{"name":"(anonymous_13)","decl":{"start":{"line":49,"column":26},"end":{"line":49,"column":29}},"loc":{"start":{"line":49,"column":32},"end":{"line":49,"column":37}}},"4":{"name":"(anonymous_14)","decl":{"start":{"line":54,"column":10},"end":{"line":54,"column":25}},"loc":{"start":{"line":54,"column":38},"end":{"line":60,"column":3}}},"5":{"name":"(anonymous_15)","decl":{"start":{"line":62,"column":10},"end":{"line":62,"column":22}},"loc":{"start":{"line":62,"column":32},"end":{"line":70,"column":3}}}},"branchMap":{"0":{"loc":{"start":{"line":18,"column":8},"end":{"line":47,"column":9}},"type":"if","locations":[{"start":{"line":18,"column":8},"end":{"line":47,"column":9}}]},"1":{"loc":{"start":{"line":18,"column":12},"end":{"line":18,"column":73}},"type":"binary-expr","locations":[{"start":{"line":18,"column":12},"end":{"line":18,"column":45}},{"start":{"line":18,"column":49},"end":{"line":18,"column":73}}]},"2":{"loc":{"start":{"line":23,"column":12},"end":{"line":29,"column":13}},"type":"if","locations":[{"start":{"line":23,"column":12},"end":{"line":29,"column":13}}]},"3":{"loc":{"start":{"line":42,"column":40},"end":{"line":42,"column":59}},"type":"binary-expr","locations":[{"start":{"line":42,"column":40},"end":{"line":42,"column":52}},{"start":{"line":42,"column":56},"end":{"line":42,"column":59}}]},"4":{"loc":{"start":{"line":63,"column":4},"end":{"line":63,"column":27}},"type":"if","locations":[{"start":{"line":63,"column":4},"end":{"line":63,"column":27}}]}},"s":{"0":0,"1":0,"2":0,"3":0,"4":0,"5":0,"6":0,"7":0,"8":0,"9":0,"10":0,"11":0,"12":0,"13":0,"14":0,"15":0,"16":0,"17":0,"18":0,"19":0,"20":0,"21":0,"22":0,"23":0,"24":0,"25":0,"26":0,"27":0,"28":0,"29":0},"f":{"0":0,"1":0,"2":0,"3":0,"4":0,"5":0},"b":{"0":[0],"1":[0,0],"2":[0],"3":[0,0],"4":[0]}}
,"/Users/ramon.rocha/Documents/projetoPessoalBackAnd/src/common/pipes/sanitize.pipe.ts": {"path":"/Users/ramon.rocha/Documents/projetoPessoalBackAnd/src/common/pipes/sanitize.pipe.ts","statementMap":{"0":{"start":{"line":1,"column":0},"end":{"line":1,"column":59}},"1":{"start":{"line":2,"column":0},"end":{"line":2,"column":41}},"2":{"start":{"line":5,"column":7},"end":{"line":27,"column":null}},"3":{"start":{"line":7,"column":4},"end":{"line":9,"column":5}},"4":{"start":{"line":8,"column":6},"end":{"line":8,"column":40}},"5":{"start":{"line":10,"column":4},"end":{"line":10,"column":17}},"6":{"start":{"line":14,"column":22},"end":{"line":14,"column":32}},"7":{"start":{"line":15,"column":4},"end":{"line":24,"column":5}},"8":{"start":{"line":16,"column":6},"end":{"line":23,"column":7}},"9":{"start":{"line":17,"column":8},"end":{"line":20,"column":11}},"10":{"start":{"line":21,"column":13},"end":{"line":23,"column":7}},"11":{"start":{"line":22,"column":8},"end":{"line":22,"column":61}},"12":{"start":{"line":25,"column":4},"end":{"line":25,"column":21}},"13":{"start":{"line":5,"column":13},"end":{"line":5,"column":25}},"14":{"start":{"line":5,"column":13},"end":{"line":27,"column":null}}},"fnMap":{"0":{"name":"(anonymous_2)","decl":{"start":{"line":6,"column":2},"end":{"line":6,"column":11}},"loc":{"start":{"line":6,"column":22},"end":{"line":11,"column":3}}},"1":{"name":"(anonymous_3)","decl":{"start":{"line":13,"column":10},"end":{"line":13,"column":24}},"loc":{"start":{"line":13,"column":33},"end":{"line":26,"column":3}}}},"branchMap":{"0":{"loc":{"start":{"line":7,"column":4},"end":{"line":9,"column":5}},"type":"if","locations":[{"start":{"line":7,"column":4},"end":{"line":9,"column":5}}]},"1":{"loc":{"start":{"line":7,"column":8},"end":{"line":7,"column":51}},"type":"binary-expr","locations":[{"start":{"line":7,"column":8},"end":{"line":7,"column":33}},{"start":{"line":7,"column":37},"end":{"line":7,"column":51}}]},"2":{"loc":{"start":{"line":16,"column":6},"end":{"line":23,"column":7}},"type":"if","locations":[{"start":{"line":16,"column":6},"end":{"line":23,"column":7}},{"start":{"line":21,"column":13},"end":{"line":23,"column":7}}]},"3":{"loc":{"start":{"line":21,"column":13},"end":{"line":23,"column":7}},"type":"if","locations":[{"start":{"line":21,"column":13},"end":{"line":23,"column":7}}]},"4":{"loc":{"start":{"line":21,"column":17},"end":{"line":21,"column":78}},"type":"binary-expr","locations":[{"start":{"line":21,"column":17},"end":{"line":21,"column":51}},{"start":{"line":21,"column":55},"end":{"line":21,"column":78}}]}},"s":{"0":0,"1":0,"2":0,"3":0,"4":0,"5":0,"6":0,"7":0,"8":0,"9":0,"10":0,"11":0,"12":0,"13":0,"14":0},"f":{"0":0,"1":0},"b":{"0":[0],"1":[0,0],"2":[0,0],"3":[0],"4":[0,0]}}
,"/Users/ramon.rocha/Documents/projetoPessoalBackAnd/src/common/pipes/zod-validation.pipe.ts": {"path":"/Users/ramon.rocha/Documents/projetoPessoalBackAnd/src/common/pipes/zod-validation.pipe.ts","statementMap":{"0":{"start":{"line":1,"column":0},"end":{"line":1,"column":68}},"1":{"start":{"line":5,"column":22},"end":{"line":5,"column":39}},"2":{"start":{"line":8,"column":4},"end":{"line":15,"column":5}},"3":{"start":{"line":9,"column":6},"end":{"line":9,"column":38}},"4":{"start":{"line":11,"column":6},"end":{"line":14,"column":9}},"5":{"start":{"line":4,"column":0},"end":{"line":4,"column":13}}},"fnMap":{"0":{"name":"(anonymous_0)","decl":{"start":{"line":5,"column":2},"end":{"line":5,"column":22}},"loc":{"start":{"line":5,"column":39},"end":{"line":5,"column":43}}},"1":{"name":"(anonymous_1)","decl":{"start":{"line":7,"column":2},"end":{"line":7,"column":11}},"loc":{"start":{"line":7,"column":26},"end":{"line":16,"column":3}}}},"branchMap":{},"s":{"0":0,"1":0,"2":0,"3":0,"4":0,"5":0},"f":{"0":0,"1":0},"b":{}}
,"/Users/ramon.rocha/Documents/projetoPessoalBackAnd/src/modules/admin/admin-panel.controller.ts": {"path":"/Users/ramon.rocha/Documents/projetoPessoalBackAnd/src/modules/admin/admin-panel.controller.ts","statementMap":{"0":{"start":{"line":1,"column":0},"end":{"line":1,"column":111}},"1":{"start":{"line":2,"column":0},"end":{"line":2,"column":84}},"2":{"start":{"line":3,"column":0},"end":{"line":3,"column":53}},"3":{"start":{"line":4,"column":0},"end":{"line":4,"column":null}},"4":{"start":{"line":10,"column":0},"end":{"line":10,"column":75}},"5":{"start":{"line":11,"column":0},"end":{"line":11,"column":61}},"6":{"start":{"line":12,"column":0},"end":{"line":12,"column":56}},"7":{"start":{"line":13,"column":0},"end":{"line":13,"column":59}},"8":{"start":{"line":20,"column":7},"end":{"line":147,"column":null}},"9":{"start":{"line":21,"column":22},"end":{"line":21,"column":36}},"10":{"start":{"line":26,"column":4},"end":{"line":26,"column":40}},"11":{"start":{"line":36,"column":4},"end":{"line":40,"column":6}},"12":{"start":{"line":49,"column":4},"end":{"line":49,"column":46}},"13":{"start":{"line":58,"column":4},"end":{"line":58,"column":49}},"14":{"start":{"line":68,"column":4},"end":{"line":72,"column":6}},"15":{"start":{"line":81,"column":4},"end":{"line":81,"column":58}},"16":{"start":{"line":90,"column":4},"end":{"line":90,"column":53}},"17":{"start":{"line":97,"column":4},"end":{"line":97,"column":47}},"18":{"start":{"line":106,"column":4},"end":{"line":109,"column":6}},"19":{"start":{"line":116,"column":4},"end":{"line":116,"column":46}},"20":{"start":{"line":122,"column":4},"end":{"line":122,"column":43}},"21":{"start":{"line":130,"column":4},"end":{"line":130,"column":49}},"22":{"start":{"line":138,"column":4},"end":{"line":138,"column":47}},"23":{"start":{"line":145,"column":4},"end":{"line":145,"column":46}},"24":{"start":{"line":20,"column":13},"end":{"line":20,"column":33}},"25":{"start":{"line":25,"column":8},"end":{"line":27,"column":null}},"26":{"start":{"line":31,"column":8},"end":{"line":41,"column":null}},"27":{"start":{"line":45,"column":8},"end":{"line":50,"column":null}},"28":{"start":{"line":54,"column":8},"end":{"line":59,"column":null}},"29":{"start":{"line":63,"column":8},"end":{"line":73,"column":null}},"30":{"start":{"line":77,"column":8},"end":{"line":82,"column":null}},"31":{"start":{"line":86,"column":8},"end":{"line":91,"column":null}},"32":{"start":{"line":96,"column":8},"end":{"line":98,"column":null}},"33":{"start":{"line":102,"column":8},"end":{"line":110,"column":null}},"34":{"start":{"line":115,"column":8},"end":{"line":117,"column":null}},"35":{"start":{"line":121,"column":8},"end":{"line":123,"column":null}},"36":{"start":{"line":127,"column":8},"end":{"line":131,"column":null}},"37":{"start":{"line":135,"column":8},"end":{"line":139,"column":null}},"38":{"start":{"line":144,"column":8},"end":{"line":146,"column":null}},"39":{"start":{"line":20,"column":13},"end":{"line":147,"column":null}}},"fnMap":{"0":{"name":"(anonymous_4)","decl":{"start":{"line":21,"column":2},"end":{"line":21,"column":22}},"loc":{"start":{"line":21,"column":48},"end":{"line":21,"column":52}}},"1":{"name":"(anonymous_5)","decl":{"start":{"line":25,"column":2},"end":{"line":25,"column":7}},"loc":{"start":{"line":25,"column":16},"end":{"line":27,"column":3}}},"2":{"name":"(anonymous_6)","decl":{"start":{"line":31,"column":2},"end":{"line":31,"column":7}},"loc":{"start":{"line":34,"column":36},"end":{"line":41,"column":3}}},"3":{"name":"(anonymous_7)","decl":{"start":{"line":45,"column":2},"end":{"line":45,"column":7}},"loc":{"start":{"line":47,"column":63},"end":{"line":50,"column":3}}},"4":{"name":"(anonymous_8)","decl":{"start":{"line":54,"column":2},"end":{"line":54,"column":7}},"loc":{"start":{"line":56,"column":73},"end":{"line":59,"column":3}}},"5":{"name":"(anonymous_9)","decl":{"start":{"line":63,"column":2},"end":{"line":63,"column":7}},"loc":{"start":{"line":66,"column":36},"end":{"line":73,"column":3}}},"6":{"name":"(anonymous_10)","decl":{"start":{"line":77,"column":2},"end":{"line":77,"column":7}},"loc":{"start":{"line":79,"column":87},"end":{"line":82,"column":3}}},"7":{"name":"(anonymous_11)","decl":{"start":{"line":86,"column":2},"end":{"line":86,"column":7}},"loc":{"start":{"line":88,"column":77},"end":{"line":91,"column":3}}},"8":{"name":"(anonymous_12)","decl":{"start":{"line":96,"column":2},"end":{"line":96,"column":7}},"loc":{"start":{"line":96,"column":45},"end":{"line":98,"column":3}}},"9":{"name":"(anonymous_13)","decl":{"start":{"line":102,"column":2},"end":{"line":102,"column":7}},"loc":{"start":{"line":104,"column":34},"end":{"line":110,"column":3}}},"10":{"name":"(anonymous_14)","decl":{"start":{"line":115,"column":2},"end":{"line":115,"column":7}},"loc":{"start":{"line":115,"column":44},"end":{"line":117,"column":3}}},"11":{"name":"(anonymous_15)","decl":{"start":{"line":121,"column":2},"end":{"line":121,"column":7}},"loc":{"start":{"line":121,"column":19},"end":{"line":123,"column":3}}},"12":{"name":"(anonymous_16)","decl":{"start":{"line":127,"column":2},"end":{"line":127,"column":7}},"loc":{"start":{"line":128,"column":77},"end":{"line":131,"column":3}}},"13":{"name":"(anonymous_17)","decl":{"start":{"line":135,"column":2},"end":{"line":135,"column":7}},"loc":{"start":{"line":136,"column":73},"end":{"line":139,"column":3}}},"14":{"name":"(anonymous_18)","decl":{"start":{"line":144,"column":2},"end":{"line":144,"column":7}},"loc":{"start":{"line":144,"column":44},"end":{"line":146,"column":3}}}},"branchMap":{"0":{"loc":{"start":{"line":37,"column":6},"end":{"line":37,"column":31}},"type":"cond-expr","locations":[{"start":{"line":37,"column":13},"end":{"line":37,"column":27}},{"start":{"line":37,"column":30},"end":{"line":37,"column":31}}]},"1":{"loc":{"start":{"line":38,"column":6},"end":{"line":38,"column":34}},"type":"cond-expr","locations":[{"start":{"line":38,"column":14},"end":{"line":38,"column":29}},{"start":{"line":38,"column":32},"end":{"line":38,"column":34}}]},"2":{"loc":{"start":{"line":69,"column":6},"end":{"line":69,"column":31}},"type":"cond-expr","locations":[{"start":{"line":69,"column":13},"end":{"line":69,"column":27}},{"start":{"line":69,"column":30},"end":{"line":69,"column":31}}]},"3":{"loc":{"start":{"line":70,"column":6},"end":{"line":70,"column":34}},"type":"cond-expr","locations":[{"start":{"line":70,"column":14},"end":{"line":70,"column":29}},{"start":{"line":70,"column":32},"end":{"line":70,"column":34}}]},"4":{"loc":{"start":{"line":107,"column":6},"end":{"line":107,"column":31}},"type":"cond-expr","locations":[{"start":{"line":107,"column":13},"end":{"line":107,"column":27}},{"start":{"line":107,"column":30},"end":{"line":107,"column":31}}]},"5":{"loc":{"start":{"line":108,"column":6},"end":{"line":108,"column":34}},"type":"cond-expr","locations":[{"start":{"line":108,"column":14},"end":{"line":108,"column":29}},{"start":{"line":108,"column":32},"end":{"line":108,"column":34}}]}},"s":{"0":0,"1":0,"2":0,"3":0,"4":0,"5":0,"6":0,"7":0,"8":0,"9":0,"10":0,"11":0,"12":0,"13":0,"14":0,"15":0,"16":0,"17":0,"18":0,"19":0,"20":0,"21":0,"22":0,"23":0,"24":0,"25":0,"26":0,"27":0,"28":0,"29":0,"30":0,"31":0,"32":0,"33":0,"34":0,"35":0,"36":0,"37":0,"38":0,"39":0},"f":{"0":0,"1":0,"2":0,"3":0,"4":0,"5":0,"6":0,"7":0,"8":0,"9":0,"10":0,"11":0,"12":0,"13":0,"14":0},"b":{"0":[0,0],"1":[0,0],"2":[0,0],"3":[0,0],"4":[0,0],"5":[0,0]}}
,"/Users/ramon.rocha/Documents/projetoPessoalBackAnd/src/modules/admin/admin-panel.service.ts": {"path":"/Users/ramon.rocha/Documents/projetoPessoalBackAnd/src/modules/admin/admin-panel.service.ts","statementMap":{"0":{"start":{"line":1,"column":0},"end":{"line":1,"column":44}},"1":{"start":{"line":2,"column":0},"end":{"line":2,"column":60}},"2":{"start":{"line":6,"column":7},"end":{"line":243,"column":null}},"3":{"start":{"line":7,"column":22},"end":{"line":7,"column":30}},"4":{"start":{"line":10,"column":16},"end":{"line":10,"column":26}},"5":{"start":{"line":11,"column":25},"end":{"line":11,"column":71}},"6":{"start":{"line":13,"column":111},"end":{"line":20,"column":6}},"7":{"start":{"line":22,"column":27},"end":{"line":26,"column":6}},"8":{"start":{"line":28,"column":4},"end":{"line":41,"column":6}},"9":{"start":{"line":35,"column":47},"end":{"line":40,"column":8}},"10":{"start":{"line":45,"column":17},"end":{"line":45,"column":35}},"11":{"start":{"line":46,"column":23},"end":{"line":46,"column":25}},"12":{"start":{"line":48,"column":4},"end":{"line":53,"column":5}},"13":{"start":{"line":49,"column":6},"end":{"line":52,"column":8}},"14":{"start":{"line":55,"column":27},"end":{"line":73,"column":6}},"15":{"start":{"line":75,"column":4},"end":{"line":80,"column":6}},"16":{"start":{"line":84,"column":17},"end":{"line":87,"column":6}},"17":{"start":{"line":89,"column":4},"end":{"line":94,"column":5}},"18":{"start":{"line":90,"column":6},"end":{"line":93,"column":9}},"19":{"start":{"line":96,"column":4},"end":{"line":96,"column":16}},"20":{"start":{"line":100,"column":4},"end":{"line":103,"column":7}},"21":{"start":{"line":107,"column":17},"end":{"line":107,"column":35}},"22":{"start":{"line":108,"column":23},"end":{"line":108,"column":25}},"23":{"start":{"line":110,"column":4},"end":{"line":112,"column":5}},"24":{"start":{"line":111,"column":6},"end":{"line":111,"column":28}},"25":{"start":{"line":114,"column":30},"end":{"line":131,"column":6}},"26":{"start":{"line":133,"column":4},"end":{"line":138,"column":6}},"27":{"start":{"line":142,"column":4},"end":{"line":145,"column":7}},"28":{"start":{"line":149,"column":4},"end":{"line":152,"column":7}},"29":{"start":{"line":156,"column":4},"end":{"line":156,"column":56}},"30":{"start":{"line":157,"column":4},"end":{"line":157,"column":55}},"31":{"start":{"line":161,"column":17},"end":{"line":161,"column":35}},"32":{"start":{"line":163,"column":29},"end":{"line":181,"column":6}},"33":{"start":{"line":183,"column":4},"end":{"line":188,"column":6}},"34":{"start":{"line":192,"column":4},"end":{"line":192,"column":55}},"35":{"start":{"line":193,"column":4},"end":{"line":193,"column":57}},"36":{"start":{"line":197,"column":32},"end":{"line":200,"column":6}},"37":{"start":{"line":202,"column":4},"end":{"line":207,"column":6}},"38":{"start":{"line":211,"column":21},"end":{"line":211,"column":62}},"39":{"start":{"line":213,"column":4},"end":{"line":218,"column":5}},"40":{"start":{"line":214,"column":6},"end":{"line":217,"column":9}},"41":{"start":{"line":220,"column":4},"end":{"line":222,"column":7}},"42":{"start":{"line":226,"column":21},"end":{"line":229,"column":6}},"43":{"start":{"line":231,"column":4},"end":{"line":236,"column":7}},"44":{"start":{"line":240,"column":4},"end":{"line":240,"column":55}},"45":{"start":{"line":241,"column":4},"end":{"line":241,"column":54}},"46":{"start":{"line":6,"column":13},"end":{"line":6,"column":25}},"47":{"start":{"line":6,"column":13},"end":{"line":243,"column":null}}},"fnMap":{"0":{"name":"(anonymous_2)","decl":{"start":{"line":7,"column":2},"end":{"line":7,"column":22}},"loc":{"start":{"line":7,"column":43},"end":{"line":7,"column":47}}},"1":{"name":"(anonymous_3)","decl":{"start":{"line":9,"column":2},"end":{"line":9,"column":7}},"loc":{"start":{"line":9,"column":16},"end":{"line":42,"column":3}}},"2":{"name":"(anonymous_4)","decl":{"start":{"line":35,"column":41},"end":{"line":35,"column":42}},"loc":{"start":{"line":35,"column":47},"end":{"line":40,"column":8}}},"3":{"name":"(anonymous_5)","decl":{"start":{"line":44,"column":2},"end":{"line":44,"column":7}},"loc":{"start":{"line":44,"column":70},"end":{"line":81,"column":3}}},"4":{"name":"(anonymous_6)","decl":{"start":{"line":83,"column":2},"end":{"line":83,"column":7}},"loc":{"start":{"line":83,"column":43},"end":{"line":97,"column":3}}},"5":{"name":"(anonymous_7)","decl":{"start":{"line":99,"column":2},"end":{"line":99,"column":7}},"loc":{"start":{"line":99,"column":51},"end":{"line":104,"column":3}}},"6":{"name":"(anonymous_8)","decl":{"start":{"line":106,"column":2},"end":{"line":106,"column":7}},"loc":{"start":{"line":106,"column":73},"end":{"line":139,"column":3}}},"7":{"name":"(anonymous_9)","decl":{"start":{"line":141,"column":2},"end":{"line":141,"column":7}},"loc":{"start":{"line":141,"column":67},"end":{"line":146,"column":3}}},"8":{"name":"(anonymous_10)","decl":{"start":{"line":148,"column":2},"end":{"line":148,"column":7}},"loc":{"start":{"line":148,"column":57},"end":{"line":153,"column":3}}},"9":{"name":"(anonymous_11)","decl":{"start":{"line":155,"column":2},"end":{"line":155,"column":7}},"loc":{"start":{"line":155,"column":32},"end":{"line":158,"column":3}}},"10":{"name":"(anonymous_12)","decl":{"start":{"line":160,"column":2},"end":{"line":160,"column":7}},"loc":{"start":{"line":160,"column":55},"end":{"line":189,"column":3}}},"11":{"name":"(anonymous_13)","decl":{"start":{"line":191,"column":2},"end":{"line":191,"column":7}},"loc":{"start":{"line":191,"column":31},"end":{"line":194,"column":3}}},"12":{"name":"(anonymous_14)","decl":{"start":{"line":196,"column":2},"end":{"line":196,"column":7}},"loc":{"start":{"line":196,"column":19},"end":{"line":208,"column":3}}},"13":{"name":"(anonymous_15)","decl":{"start":{"line":210,"column":2},"end":{"line":210,"column":7}},"loc":{"start":{"line":210,"column":45},"end":{"line":223,"column":3}}},"14":{"name":"(anonymous_16)","decl":{"start":{"line":225,"column":2},"end":{"line":225,"column":7}},"loc":{"start":{"line":225,"column":41},"end":{"line":237,"column":3}}},"15":{"name":"(anonymous_17)","decl":{"start":{"line":239,"column":2},"end":{"line":239,"column":7}},"loc":{"start":{"line":239,"column":31},"end":{"line":242,"column":3}}}},"branchMap":{"0":{"loc":{"start":{"line":44,"column":17},"end":{"line":44,"column":33}},"type":"default-arg","locations":[{"start":{"line":44,"column":32},"end":{"line":44,"column":33}}]},"1":{"loc":{"start":{"line":44,"column":35},"end":{"line":44,"column":53}},"type":"default-arg","locations":[{"start":{"line":44,"column":51},"end":{"line":44,"column":53}}]},"2":{"loc":{"start":{"line":48,"column":4},"end":{"line":53,"column":5}},"type":"if","locations":[{"start":{"line":48,"column":4},"end":{"line":53,"column":5}}]},"3":{"loc":{"start":{"line":89,"column":4},"end":{"line":94,"column":5}},"type":"if","locations":[{"start":{"line":89,"column":4},"end":{"line":94,"column":5}}]},"4":{"loc":{"start":{"line":106,"column":20},"end":{"line":106,"column":36}},"type":"default-arg","locations":[{"start":{"line":106,"column":35},"end":{"line":106,"column":36}}]},"5":{"loc":{"start":{"line":106,"column":38},"end":{"line":106,"column":56}},"type":"default-arg","locations":[{"start":{"line":106,"column":54},"end":{"line":106,"column":56}}]},"6":{"loc":{"start":{"line":110,"column":4},"end":{"line":112,"column":5}},"type":"if","locations":[{"start":{"line":110,"column":4},"end":{"line":112,"column":5}}]},"7":{"loc":{"start":{"line":110,"column":8},"end":{"line":110,"column":34}},"type":"binary-expr","locations":[{"start":{"line":110,"column":8},"end":{"line":110,"column":14}},{"start":{"line":110,"column":18},"end":{"line":110,"column":34}}]},"8":{"loc":{"start":{"line":160,"column":19},"end":{"line":160,"column":35}},"type":"default-arg","locations":[{"start":{"line":160,"column":34},"end":{"line":160,"column":35}}]},"9":{"loc":{"start":{"line":160,"column":37},"end":{"line":160,"column":55}},"type":"default-arg","locations":[{"start":{"line":160,"column":53},"end":{"line":160,"column":55}}]},"10":{"loc":{"start":{"line":203,"column":16},"end":{"line":203,"column":55}},"type":"binary-expr","locations":[{"start":{"line":203,"column":16},"end":{"line":203,"column":34}},{"start":{"line":203,"column":38},"end":{"line":203,"column":55}}]},"11":{"loc":{"start":{"line":213,"column":4},"end":{"line":218,"column":5}},"type":"if","locations":[{"start":{"line":213,"column":4},"end":{"line":218,"column":5}}]},"12":{"loc":{"start":{"line":234,"column":21},"end":{"line":234,"column":46}},"type":"binary-expr","locations":[{"start":{"line":234,"column":21},"end":{"line":234,"column":41}},{"start":{"line":234,"column":45},"end":{"line":234,"column":46}}]}},"s":{"0":0,"1":0,"2":0,"3":0,"4":0,"5":0,"6":0,"7":0,"8":0,"9":0,"10":0,"11":0,"12":0,"13":0,"14":0,"15":0,"16":0,"17":0,"18":0,"19":0,"20":0,"21":0,"22":0,"23":0,"24":0,"25":0,"26":0,"27":0,"28":0,"29":0,"30":0,"31":0,"32":0,"33":0,"34":0,"35":0,"36":0,"37":0,"38":0,"39":0,"40":0,"41":0,"42":0,"43":0,"44":0,"45":0,"46":0,"47":0},"f":{"0":0,"1":0,"2":0,"3":0,"4":0,"5":0,"6":0,"7":0,"8":0,"9":0,"10":0,"11":0,"12":0,"13":0,"14":0,"15":0},"b":{"0":[0],"1":[0],"2":[0],"3":[0],"4":[0],"5":[0],"6":[0],"7":[0,0],"8":[0],"9":[0],"10":[0,0],"11":[0],"12":[0,0]}}
,"/Users/ramon.rocha/Documents/projetoPessoalBackAnd/src/modules/admin/admin.controller.ts": {"path":"/Users/ramon.rocha/Documents/projetoPessoalBackAnd/src/modules/admin/admin.controller.ts","statementMap":{"0":{"start":{"line":1,"column":0},"end":{"line":1,"column":60}},"1":{"start":{"line":2,"column":0},"end":{"line":2,"column":84}},"2":{"start":{"line":3,"column":0},"end":{"line":3,"column":47}},"3":{"start":{"line":4,"column":0},"end":{"line":4,"column":61}},"4":{"start":{"line":5,"column":0},"end":{"line":5,"column":56}},"5":{"start":{"line":6,"column":0},"end":{"line":6,"column":59}},"6":{"start":{"line":12,"column":7},"end":{"line":23,"column":null}},"7":{"start":{"line":13,"column":22},"end":{"line":13,"column":36}},"8":{"start":{"line":21,"column":4},"end":{"line":21,"column":43}},"9":{"start":{"line":12,"column":13},"end":{"line":12,"column":28}},"10":{"start":{"line":20,"column":8},"end":{"line":22,"column":null}},"11":{"start":{"line":12,"column":13},"end":{"line":23,"column":null}}},"fnMap":{"0":{"name":"(anonymous_2)","decl":{"start":{"line":13,"column":2},"end":{"line":13,"column":22}},"loc":{"start":{"line":13,"column":48},"end":{"line":13,"column":52}}},"1":{"name":"(anonymous_3)","decl":{"start":{"line":20,"column":2},"end":{"line":20,"column":7}},"loc":{"start":{"line":20,"column":19},"end":{"line":22,"column":3}}}},"branchMap":{},"s":{"0":0,"1":0,"2":0,"3":0,"4":0,"5":0,"6":0,"7":0,"8":0,"9":0,"10":0,"11":0},"f":{"0":0,"1":0},"b":{}}
,"/Users/ramon.rocha/Documents/projetoPessoalBackAnd/src/modules/admin/admin.module.ts": {"path":"/Users/ramon.rocha/Documents/projetoPessoalBackAnd/src/modules/admin/admin.module.ts","statementMap":{"0":{"start":{"line":1,"column":0},"end":{"line":1,"column":40}},"1":{"start":{"line":2,"column":0},"end":{"line":2,"column":64}},"2":{"start":{"line":3,"column":0},"end":{"line":3,"column":53}},"3":{"start":{"line":4,"column":0},"end":{"line":4,"column":60}},"4":{"start":{"line":10,"column":7},"end":{"line":10,"column":null}},"5":{"start":{"line":10,"column":13},"end":{"line":10,"column":24}},"6":{"start":{"line":10,"column":13},"end":{"line":10,"column":null}}},"fnMap":{},"branchMap":{},"s":{"0":0,"1":0,"2":0,"3":0,"4":0,"5":0,"6":0},"f":{},"b":{}}
,"/Users/ramon.rocha/Documents/projetoPessoalBackAnd/src/modules/admin/admin.service.ts": {"path":"/Users/ramon.rocha/Documents/projetoPessoalBackAnd/src/modules/admin/admin.service.ts","statementMap":{"0":{"start":{"line":1,"column":0},"end":{"line":1,"column":44}},"1":{"start":{"line":2,"column":0},"end":{"line":2,"column":60}},"2":{"start":{"line":5,"column":7},"end":{"line":16,"column":null}},"3":{"start":{"line":6,"column":22},"end":{"line":6,"column":30}},"4":{"start":{"line":9,"column":4},"end":{"line":14,"column":7}},"5":{"start":{"line":5,"column":13},"end":{"line":5,"column":25}},"6":{"start":{"line":5,"column":13},"end":{"line":16,"column":null}}},"fnMap":{"0":{"name":"(anonymous_2)","decl":{"start":{"line":6,"column":2},"end":{"line":6,"column":22}},"loc":{"start":{"line":6,"column":43},"end":{"line":6,"column":47}}},"1":{"name":"(anonymous_3)","decl":{"start":{"line":8,"column":2},"end":{"line":8,"column":7}},"loc":{"start":{"line":8,"column":19},"end":{"line":15,"column":3}}}},"branchMap":{},"s":{"0":0,"1":0,"2":0,"3":0,"4":0,"5":0,"6":0},"f":{"0":0,"1":0},"b":{}}
,"/Users/ramon.rocha/Documents/projetoPessoalBackAnd/src/modules/admin/dto/admin.dto.ts": {"path":"/Users/ramon.rocha/Documents/projetoPessoalBackAnd/src/modules/admin/dto/admin.dto.ts","statementMap":{"0":{"start":{"line":1,"column":0},"end":{"line":1,"column":24}},"1":{"start":{"line":3,"column":13},"end":{"line":5,"column":3}},"2":{"start":{"line":7,"column":13},"end":{"line":9,"column":3}},"3":{"start":{"line":11,"column":13},"end":{"line":13,"column":3}},"4":{"start":{"line":15,"column":13},"end":{"line":17,"column":3}},"5":{"start":{"line":19,"column":13},"end":{"line":23,"column":3}},"6":{"start":{"line":25,"column":13},"end":{"line":29,"column":3}}},"fnMap":{},"branchMap":{},"s":{"0":0,"1":0,"2":0,"3":0,"4":0,"5":0,"6":0},"f":{},"b":{}}
,"/Users/ramon.rocha/Documents/projetoPessoalBackAnd/src/modules/auth/auth.controller.ts": {"path":"/Users/ramon.rocha/Documents/projetoPessoalBackAnd/src/modules/auth/auth.controller.ts","statementMap":{"0":{"start":{"line":1,"column":0},"end":{"line":1,"column":109}},"1":{"start":{"line":2,"column":0},"end":{"line":2,"column":84}},"2":{"start":{"line":3,"column":0},"end":{"line":3,"column":45}},"3":{"start":{"line":5,"column":0},"end":{"line":5,"column":45}},"4":{"start":{"line":6,"column":0},"end":{"line":6,"column":84}},"5":{"start":{"line":7,"column":0},"end":{"line":7,"column":122}},"6":{"start":{"line":8,"column":0},"end":{"line":8,"column":75}},"7":{"start":{"line":9,"column":0},"end":{"line":9,"column":81}},"8":{"start":{"line":10,"column":0},"end":{"line":10,"column":75}},"9":{"start":{"line":11,"column":0},"end":{"line":11,"column":67}},"10":{"start":{"line":12,"column":0},"end":{"line":12,"column":55}},"11":{"start":{"line":16,"column":7},"end":{"line":167,"column":null}},"12":{"start":{"line":17,"column":22},"end":{"line":17,"column":35}},"13":{"start":{"line":24,"column":4},"end":{"line":24,"column":65}},"14":{"start":{"line":36,"column":19},"end":{"line":36,"column":55}},"15":{"start":{"line":38,"column":56},"end":{"line":38,"column":67}},"16":{"start":{"line":39,"column":52},"end":{"line":39,"column":65}},"17":{"start":{"line":41,"column":4},"end":{"line":49,"column":6}},"18":{"start":{"line":62,"column":19},"end":{"line":62,"column":52}},"19":{"start":{"line":64,"column":56},"end":{"line":64,"column":67}},"20":{"start":{"line":65,"column":52},"end":{"line":65,"column":65}},"21":{"start":{"line":67,"column":4},"end":{"line":74,"column":6}},"22":{"start":{"line":84,"column":4},"end":{"line":84,"column":66}},"23":{"start":{"line":85,"column":4},"end":{"line":85,"column":55}},"24":{"start":{"line":95,"column":19},"end":{"line":95,"column":79}},"25":{"start":{"line":97,"column":56},"end":{"line":97,"column":67}},"26":{"start":{"line":98,"column":52},"end":{"line":98,"column":65}},"27":{"start":{"line":100,"column":4},"end":{"line":106,"column":6}},"28":{"start":{"line":115,"column":4},"end":{"line":115,"column":48}},"29":{"start":{"line":125,"column":4},"end":{"line":125,"column":47}},"30":{"start":{"line":135,"column":4},"end":{"line":135,"column":45}},"31":{"start":{"line":144,"column":4},"end":{"line":144,"column":47}},"32":{"start":{"line":153,"column":4},"end":{"line":153,"column":64}},"33":{"start":{"line":165,"column":4},"end":{"line":165,"column":60}},"34":{"start":{"line":16,"column":13},"end":{"line":16,"column":27}},"35":{"start":{"line":23,"column":2},"end":{"line":25,"column":null}},"36":{"start":{"line":33,"column":8},"end":{"line":50,"column":null}},"37":{"start":{"line":59,"column":8},"end":{"line":75,"column":null}},"38":{"start":{"line":83,"column":8},"end":{"line":86,"column":null}},"39":{"start":{"line":94,"column":8},"end":{"line":107,"column":null}},"40":{"start":{"line":114,"column":8},"end":{"line":116,"column":null}},"41":{"start":{"line":124,"column":8},"end":{"line":126,"column":null}},"42":{"start":{"line":134,"column":8},"end":{"line":136,"column":null}},"43":{"start":{"line":143,"column":8},"end":{"line":145,"column":null}},"44":{"start":{"line":152,"column":8},"end":{"line":154,"column":null}},"45":{"start":{"line":161,"column":8},"end":{"line":166,"column":null}},"46":{"start":{"line":16,"column":13},"end":{"line":167,"column":null}}},"fnMap":{"0":{"name":"(anonymous_4)","decl":{"start":{"line":17,"column":2},"end":{"line":17,"column":22}},"loc":{"start":{"line":17,"column":46},"end":{"line":17,"column":50}}},"1":{"name":"(anonymous_5)","decl":{"start":{"line":23,"column":2},"end":{"line":23,"column":11}},"loc":{"start":{"line":23,"column":11},"end":{"line":25,"column":3}}},"2":{"name":"(anonymous_6)","decl":{"start":{"line":33,"column":2},"end":{"line":33,"column":7}},"loc":{"start":{"line":34,"column":65},"end":{"line":50,"column":3}}},"3":{"name":"(anonymous_7)","decl":{"start":{"line":59,"column":2},"end":{"line":59,"column":7}},"loc":{"start":{"line":60,"column":59},"end":{"line":75,"column":3}}},"4":{"name":"(anonymous_8)","decl":{"start":{"line":83,"column":2},"end":{"line":83,"column":7}},"loc":{"start":{"line":83,"column":80},"end":{"line":86,"column":3}}},"5":{"name":"(anonymous_9)","decl":{"start":{"line":94,"column":2},"end":{"line":94,"column":7}},"loc":{"start":{"line":94,"column":54},"end":{"line":107,"column":3}}},"6":{"name":"(anonymous_10)","decl":{"start":{"line":114,"column":2},"end":{"line":114,"column":7}},"loc":{"start":{"line":114,"column":96},"end":{"line":116,"column":3}}},"7":{"name":"(anonymous_11)","decl":{"start":{"line":124,"column":2},"end":{"line":124,"column":7}},"loc":{"start":{"line":124,"column":93},"end":{"line":126,"column":3}}},"8":{"name":"(anonymous_12)","decl":{"start":{"line":134,"column":2},"end":{"line":134,"column":7}},"loc":{"start":{"line":134,"column":87},"end":{"line":136,"column":3}}},"9":{"name":"(anonymous_13)","decl":{"start":{"line":143,"column":2},"end":{"line":143,"column":7}},"loc":{"start":{"line":143,"column":38},"end":{"line":145,"column":3}}},"10":{"name":"(anonymous_14)","decl":{"start":{"line":152,"column":2},"end":{"line":152,"column":7}},"loc":{"start":{"line":152,"column":76},"end":{"line":154,"column":3}}},"11":{"name":"(anonymous_15)","decl":{"start":{"line":161,"column":2},"end":{"line":161,"column":7}},"loc":{"start":{"line":163,"column":75},"end":{"line":166,"column":3}}}},"branchMap":{"0":{"loc":{"start":{"line":39,"column":52},"end":{"line":39,"column":65}},"type":"binary-expr","locations":[{"start":{"line":39,"column":52},"end":{"line":39,"column":59}},{"start":{"line":39,"column":63},"end":{"line":39,"column":65}}]},"1":{"loc":{"start":{"line":44,"column":17},"end":{"line":44,"column":56}},"type":"cond-expr","locations":[{"start":{"line":44,"column":27},"end":{"line":44,"column":49}},{"start":{"line":44,"column":52},"end":{"line":44,"column":56}}]},"2":{"loc":{"start":{"line":65,"column":52},"end":{"line":65,"column":65}},"type":"binary-expr","locations":[{"start":{"line":65,"column":52},"end":{"line":65,"column":59}},{"start":{"line":65,"column":63},"end":{"line":65,"column":65}}]},"3":{"loc":{"start":{"line":70,"column":17},"end":{"line":70,"column":56}},"type":"cond-expr","locations":[{"start":{"line":70,"column":27},"end":{"line":70,"column":49}},{"start":{"line":70,"column":52},"end":{"line":70,"column":56}}]},"4":{"loc":{"start":{"line":98,"column":52},"end":{"line":98,"column":65}},"type":"binary-expr","locations":[{"start":{"line":98,"column":52},"end":{"line":98,"column":59}},{"start":{"line":98,"column":63},"end":{"line":98,"column":65}}]},"5":{"loc":{"start":{"line":104,"column":17},"end":{"line":104,"column":56}},"type":"cond-expr","locations":[{"start":{"line":104,"column":27},"end":{"line":104,"column":49}},{"start":{"line":104,"column":52},"end":{"line":104,"column":56}}]}},"s":{"0":0,"1":0,"2":0,"3":0,"4":0,"5":0,"6":0,"7":0,"8":0,"9":0,"10":0,"11":0,"12":0,"13":0,"14":0,"15":0,"16":0,"17":0,"18":0,"19":0,"20":0,"21":0,"22":0,"23":0,"24":0,"25":0,"26":0,"27":0,"28":0,"29":0,"30":0,"31":0,"32":0,"33":0,"34":0,"35":0,"36":0,"37":0,"38":0,"39":0,"40":0,"41":0,"42":0,"43":0,"44":0,"45":0,"46":0},"f":{"0":0,"1":0,"2":0,"3":0,"4":0,"5":0,"6":0,"7":0,"8":0,"9":0,"10":0,"11":0},"b":{"0":[0,0],"1":[0,0],"2":[0,0],"3":[0,0],"4":[0,0],"5":[0,0]}}
,"/Users/ramon.rocha/Documents/projetoPessoalBackAnd/src/modules/auth/auth.module.ts": {"path":"/Users/ramon.rocha/Documents/projetoPessoalBackAnd/src/modules/auth/auth.module.ts","statementMap":{"0":{"start":{"line":1,"column":0},"end":{"line":1,"column":40}},"1":{"start":{"line":2,"column":0},"end":{"line":2,"column":40}},"2":{"start":{"line":3,"column":0},"end":{"line":3,"column":50}},"3":{"start":{"line":4,"column":0},"end":{"line":4,"column":51}},"4":{"start":{"line":5,"column":0},"end":{"line":5,"column":45}},"5":{"start":{"line":6,"column":0},"end":{"line":6,"column":45}},"6":{"start":{"line":7,"column":0},"end":{"line":7,"column":47}},"7":{"start":{"line":8,"column":0},"end":{"line":8,"column":60}},"8":{"start":{"line":22,"column":7},"end":{"line":22,"column":null}},"9":{"start":{"line":22,"column":13},"end":{"line":22,"column":23}},"10":{"start":{"line":22,"column":13},"end":{"line":22,"column":null}}},"fnMap":{},"branchMap":{"0":{"loc":{"start":{"line":14,"column":14},"end":{"line":14,"column":88}},"type":"binary-expr","locations":[{"start":{"line":14,"column":14},"end":{"line":14,"column":36}},{"start":{"line":14,"column":40},"end":{"line":14,"column":88}}]},"1":{"loc":{"start":{"line":15,"column":32},"end":{"line":15,"column":66}},"type":"binary-expr","locations":[{"start":{"line":15,"column":32},"end":{"line":15,"column":58}},{"start":{"line":15,"column":62},"end":{"line":15,"column":66}}]}},"s":{"0":0,"1":0,"2":0,"3":0,"4":0,"5":0,"6":0,"7":0,"8":0,"9":0,"10":0},"f":{},"b":{"0":[0,0],"1":[0,0]}}
,"/Users/ramon.rocha/Documents/projetoPessoalBackAnd/src/modules/auth/auth.service.ts": {"path":"/Users/ramon.rocha/Documents/projetoPessoalBackAnd/src/modules/auth/auth.service.ts","statementMap":{"0":{"start":{"line":1,"column":0},"end":{"line":1,"column":107}},"1":{"start":{"line":2,"column":0},"end":{"line":2,"column":41}},"2":{"start":{"line":3,"column":0},"end":{"line":3,"column":33}},"3":{"start":{"line":4,"column":0},"end":{"line":4,"column":37}},"4":{"start":{"line":5,"column":0},"end":{"line":5,"column":60}},"5":{"start":{"line":9,"column":0},"end":{"line":9,"column":47}},"6":{"start":{"line":12,"column":7},"end":{"line":435,"column":null}},"7":{"start":{"line":14,"column":12},"end":{"line":14,"column":20}},"8":{"start":{"line":15,"column":12},"end":{"line":15,"column":24}},"9":{"start":{"line":16,"column":12},"end":{"line":16,"column":26}},"10":{"start":{"line":20,"column":25},"end":{"line":22,"column":6}},"11":{"start":{"line":24,"column":4},"end":{"line":26,"column":5}},"12":{"start":{"line":25,"column":6},"end":{"line":25,"column":62}},"13":{"start":{"line":28,"column":28},"end":{"line":28,"column":70}},"14":{"start":{"line":30,"column":28},"end":{"line":32,"column":6}},"15":{"start":{"line":34,"column":4},"end":{"line":36,"column":5}},"16":{"start":{"line":35,"column":6},"end":{"line":35,"column":73}},"17":{"start":{"line":38,"column":27},"end":{"line":38,"column":62}},"18":{"start":{"line":40,"column":20},"end":{"line":45,"column":6}},"19":{"start":{"line":47,"column":17},"end":{"line":59,"column":6}},"20":{"start":{"line":61,"column":30},"end":{"line":61,"column":61}},"21":{"start":{"line":62,"column":4},"end":{"line":68,"column":7}},"22":{"start":{"line":70,"column":4},"end":{"line":70,"column":81}},"23":{"start":{"line":72,"column":18},"end":{"line":72,"column":74}},"24":{"start":{"line":73,"column":25},"end":{"line":73,"column":52}},"25":{"start":{"line":74,"column":4},"end":{"line":74,"column":55}},"26":{"start":{"line":76,"column":4},"end":{"line":94,"column":6}},"27":{"start":{"line":98,"column":17},"end":{"line":101,"column":6}},"28":{"start":{"line":103,"column":4},"end":{"line":105,"column":5}},"29":{"start":{"line":104,"column":6},"end":{"line":104,"column":61}},"30":{"start":{"line":107,"column":28},"end":{"line":107,"column":77}},"31":{"start":{"line":109,"column":4},"end":{"line":111,"column":5}},"32":{"start":{"line":110,"column":6},"end":{"line":110,"column":61}},"33":{"start":{"line":113,"column":4},"end":{"line":115,"column":5}},"34":{"start":{"line":114,"column":6},"end":{"line":114,"column":95}},"35":{"start":{"line":117,"column":24},"end":{"line":117,"column":74}},"36":{"start":{"line":118,"column":25},"end":{"line":118,"column":52}},"37":{"start":{"line":119,"column":4},"end":{"line":119,"column":55}},"38":{"start":{"line":122,"column":49},"end":{"line":132,"column":6}},"39":{"start":{"line":134,"column":4},"end":{"line":161,"column":6}},"40":{"start":{"line":165,"column":4},"end":{"line":169,"column":22}},"41":{"start":{"line":173,"column":4},"end":{"line":173,"column":43}},"42":{"start":{"line":177,"column":22},"end":{"line":177,"column":32}},"43":{"start":{"line":178,"column":4},"end":{"line":178,"column":47}},"44":{"start":{"line":180,"column":4},"end":{"line":182,"column":7}},"45":{"start":{"line":186,"column":17},"end":{"line":188,"column":6}},"46":{"start":{"line":190,"column":4},"end":{"line":192,"column":5}},"47":{"start":{"line":191,"column":6},"end":{"line":191,"column":69}},"48":{"start":{"line":194,"column":18},"end":{"line":194,"column":49}},"49":{"start":{"line":195,"column":22},"end":{"line":195,"column":52}},"50":{"start":{"line":197,"column":4},"end":{"line":203,"column":7}},"51":{"start":{"line":205,"column":4},"end":{"line":205,"column":70}},"52":{"start":{"line":207,"column":4},"end":{"line":207,"column":67}},"53":{"start":{"line":211,"column":23},"end":{"line":218,"column":6}},"54":{"start":{"line":220,"column":4},"end":{"line":222,"column":5}},"55":{"start":{"line":221,"column":6},"end":{"line":221,"column":66}},"56":{"start":{"line":224,"column":27},"end":{"line":224,"column":62}},"57":{"start":{"line":226,"column":4},"end":{"line":229,"column":7}},"58":{"start":{"line":231,"column":4},"end":{"line":234,"column":7}},"59":{"start":{"line":236,"column":4},"end":{"line":236,"column":53}},"60":{"start":{"line":240,"column":30},"end":{"line":246,"column":6}},"61":{"start":{"line":248,"column":4},"end":{"line":250,"column":5}},"62":{"start":{"line":249,"column":6},"end":{"line":249,"column":66}},"63":{"start":{"line":252,"column":4},"end":{"line":255,"column":7}},"64":{"start":{"line":257,"column":4},"end":{"line":260,"column":7}},"65":{"start":{"line":262,"column":4},"end":{"line":262,"column":55}},"66":{"start":{"line":266,"column":17},"end":{"line":289,"column":6}},"67":{"start":{"line":291,"column":4},"end":{"line":293,"column":5}},"68":{"start":{"line":292,"column":6},"end":{"line":292,"column":56}},"69":{"start":{"line":295,"column":49},"end":{"line":305,"column":6}},"70":{"start":{"line":307,"column":4},"end":{"line":314,"column":6}},"71":{"start":{"line":318,"column":23},"end":{"line":321,"column":6}},"72":{"start":{"line":323,"column":19},"end":{"line":323,"column":35}},"73":{"start":{"line":324,"column":4},"end":{"line":326,"column":5}},"74":{"start":{"line":325,"column":6},"end":{"line":325,"column":54}},"75":{"start":{"line":328,"column":4},"end":{"line":334,"column":7}},"76":{"start":{"line":336,"column":4},"end":{"line":340,"column":6}},"77":{"start":{"line":344,"column":24},"end":{"line":347,"column":6}},"78":{"start":{"line":349,"column":4},"end":{"line":351,"column":5}},"79":{"start":{"line":350,"column":6},"end":{"line":350,"column":76}},"80":{"start":{"line":353,"column":24},"end":{"line":356,"column":null}},"81":{"start":{"line":359,"column":49},"end":{"line":369,"column":6}},"82":{"start":{"line":371,"column":4},"end":{"line":397,"column":6}},"83":{"start":{"line":401,"column":4},"end":{"line":406,"column":7}},"84":{"start":{"line":410,"column":17},"end":{"line":431,"column":6}},"85":{"start":{"line":433,"column":4},"end":{"line":433,"column":62}},"86":{"start":{"line":12,"column":13},"end":{"line":12,"column":24}},"87":{"start":{"line":12,"column":13},"end":{"line":435,"column":null}}},"fnMap":{"0":{"name":"(anonymous_11)","decl":{"start":{"line":13,"column":2},"end":{"line":13,"column":null}},"loc":{"start":{"line":16,"column":38},"end":{"line":17,"column":6}}},"1":{"name":"(anonymous_12)","decl":{"start":{"line":19,"column":2},"end":{"line":19,"column":7}},"loc":{"start":{"line":19,"column":33},"end":{"line":95,"column":3}}},"2":{"name":"(anonymous_13)","decl":{"start":{"line":97,"column":2},"end":{"line":97,"column":7}},"loc":{"start":{"line":97,"column":27},"end":{"line":162,"column":3}}},"3":{"name":"(anonymous_14)","decl":{"start":{"line":164,"column":10},"end":{"line":164,"column":23}},"loc":{"start":{"line":164,"column":86},"end":{"line":170,"column":3}}},"4":{"name":"(anonymous_15)","decl":{"start":{"line":172,"column":10},"end":{"line":172,"column":30}},"loc":{"start":{"line":172,"column":30},"end":{"line":174,"column":3}}},"5":{"name":"(anonymous_16)","decl":{"start":{"line":176,"column":10},"end":{"line":176,"column":15}},"loc":{"start":{"line":176,"column":62},"end":{"line":183,"column":3}}},"6":{"name":"(anonymous_17)","decl":{"start":{"line":185,"column":2},"end":{"line":185,"column":7}},"loc":{"start":{"line":185,"column":45},"end":{"line":208,"column":3}}},"7":{"name":"(anonymous_18)","decl":{"start":{"line":210,"column":2},"end":{"line":210,"column":7}},"loc":{"start":{"line":210,"column":43},"end":{"line":237,"column":3}}},"8":{"name":"(anonymous_19)","decl":{"start":{"line":239,"column":2},"end":{"line":239,"column":7}},"loc":{"start":{"line":239,"column":39},"end":{"line":263,"column":3}}},"9":{"name":"(anonymous_20)","decl":{"start":{"line":265,"column":2},"end":{"line":265,"column":7}},"loc":{"start":{"line":265,"column":28},"end":{"line":315,"column":3}}},"10":{"name":"(anonymous_21)","decl":{"start":{"line":317,"column":2},"end":{"line":317,"column":7}},"loc":{"start":{"line":317,"column":48},"end":{"line":341,"column":3}}},"11":{"name":"(anonymous_22)","decl":{"start":{"line":343,"column":2},"end":{"line":343,"column":7}},"loc":{"start":{"line":343,"column":47},"end":{"line":398,"column":3}}},"12":{"name":"(anonymous_23)","decl":{"start":{"line":400,"column":2},"end":{"line":400,"column":7}},"loc":{"start":{"line":400,"column":52},"end":{"line":407,"column":3}}},"13":{"name":"(anonymous_24)","decl":{"start":{"line":409,"column":2},"end":{"line":409,"column":7}},"loc":{"start":{"line":409,"column":83},"end":{"line":434,"column":3}}}},"branchMap":{"0":{"loc":{"start":{"line":24,"column":4},"end":{"line":26,"column":5}},"type":"if","locations":[{"start":{"line":24,"column":4},"end":{"line":26,"column":5}}]},"1":{"loc":{"start":{"line":28,"column":28},"end":{"line":28,"column":70}},"type":"binary-expr","locations":[{"start":{"line":28,"column":28},"end":{"line":28,"column":47}},{"start":{"line":28,"column":51},"end":{"line":28,"column":70}}]},"2":{"loc":{"start":{"line":34,"column":4},"end":{"line":36,"column":5}},"type":"if","locations":[{"start":{"line":34,"column":4},"end":{"line":36,"column":5}}]},"3":{"loc":{"start":{"line":49,"column":14},"end":{"line":49,"column":49}},"type":"binary-expr","locations":[{"start":{"line":49,"column":14},"end":{"line":49,"column":22}},{"start":{"line":49,"column":26},"end":{"line":49,"column":49}}]},"4":{"loc":{"start":{"line":85,"column":17},"end":{"line":89,"column":16}},"type":"cond-expr","locations":[{"start":{"line":85,"column":32},"end":{"line":89,"column":10}},{"start":{"line":89,"column":12},"end":{"line":89,"column":16}}]},"5":{"loc":{"start":{"line":103,"column":4},"end":{"line":105,"column":5}},"type":"if","locations":[{"start":{"line":103,"column":4},"end":{"line":105,"column":5}}]},"6":{"loc":{"start":{"line":109,"column":4},"end":{"line":111,"column":5}},"type":"if","locations":[{"start":{"line":109,"column":4},"end":{"line":111,"column":5}}]},"7":{"loc":{"start":{"line":113,"column":4},"end":{"line":115,"column":5}},"type":"if","locations":[{"start":{"line":113,"column":4},"end":{"line":115,"column":5}}]},"8":{"loc":{"start":{"line":148,"column":17},"end":{"line":152,"column":16}},"type":"cond-expr","locations":[{"start":{"line":148,"column":32},"end":{"line":152,"column":10}},{"start":{"line":152,"column":12},"end":{"line":152,"column":16}}]},"9":{"loc":{"start":{"line":164,"column":69},"end":{"line":164,"column":86}},"type":"default-arg","locations":[{"start":{"line":164,"column":81},"end":{"line":164,"column":86}}]},"10":{"loc":{"start":{"line":190,"column":4},"end":{"line":192,"column":5}},"type":"if","locations":[{"start":{"line":190,"column":4},"end":{"line":192,"column":5}}]},"11":{"loc":{"start":{"line":220,"column":4},"end":{"line":222,"column":5}},"type":"if","locations":[{"start":{"line":220,"column":4},"end":{"line":222,"column":5}}]},"12":{"loc":{"start":{"line":248,"column":4},"end":{"line":250,"column":5}},"type":"if","locations":[{"start":{"line":248,"column":4},"end":{"line":250,"column":5}}]},"13":{"loc":{"start":{"line":291,"column":4},"end":{"line":293,"column":5}},"type":"if","locations":[{"start":{"line":291,"column":4},"end":{"line":293,"column":5}}]},"14":{"loc":{"start":{"line":324,"column":4},"end":{"line":326,"column":5}},"type":"if","locations":[{"start":{"line":324,"column":4},"end":{"line":326,"column":5}}]},"15":{"loc":{"start":{"line":349,"column":4},"end":{"line":351,"column":5}},"type":"if","locations":[{"start":{"line":349,"column":4},"end":{"line":351,"column":5}}]},"16":{"loc":{"start":{"line":349,"column":8},"end":{"line":349,"column":58}},"type":"binary-expr","locations":[{"start":{"line":349,"column":8},"end":{"line":349,"column":20}},{"start":{"line":349,"column":24},"end":{"line":349,"column":58}}]},"17":{"loc":{"start":{"line":386,"column":17},"end":{"line":390,"column":16}},"type":"cond-expr","locations":[{"start":{"line":386,"column":44},"end":{"line":390,"column":10}},{"start":{"line":390,"column":12},"end":{"line":390,"column":16}}]},"18":{"loc":{"start":{"line":404,"column":12},"end":{"line":404,"column":51}},"type":"binary-expr","locations":[{"start":{"line":404,"column":12},"end":{"line":404,"column":24}},{"start":{"line":404,"column":28},"end":{"line":404,"column":51}}]},"19":{"loc":{"start":{"line":413,"column":12},"end":{"line":413,"column":56}},"type":"binary-expr","locations":[{"start":{"line":413,"column":12},"end":{"line":413,"column":27}},{"start":{"line":413,"column":31},"end":{"line":413,"column":56}}]},"20":{"loc":{"start":{"line":414,"column":12},"end":{"line":414,"column":59}},"type":"binary-expr","locations":[{"start":{"line":414,"column":12},"end":{"line":414,"column":28}},{"start":{"line":414,"column":32},"end":{"line":414,"column":59}}]}},"s":{"0":1,"1":1,"2":1,"3":1,"4":1,"5":1,"6":1,"7":5,"8":5,"9":5,"10":2,"11":2,"12":1,"13":1,"14":1,"15":1,"16":0,"17":1,"18":1,"19":1,"20":1,"21":1,"22":1,"23":1,"24":1,"25":1,"26":1,"27":3,"28":3,"29":1,"30":2,"31":2,"32":0,"33":2,"34":1,"35":1,"36":1,"37":1,"38":1,"39":1,"40":2,"41":2,"42":2,"43":2,"44":2,"45":0,"46":0,"47":0,"48":0,"49":0,"50":0,"51":0,"52":0,"53":0,"54":0,"55":0,"56":0,"57":0,"58":0,"59":0,"60":0,"61":0,"62":0,"63":0,"64":0,"65":0,"66":0,"67":0,"68":0,"69":0,"70":0,"71":0,"72":0,"73":0,"74":0,"75":0,"76":0,"77":0,"78":0,"79":0,"80":0,"81":0,"82":0,"83":0,"84":0,"85":0,"86":1,"87":1},"f":{"0":5,"1":2,"2":3,"3":2,"4":2,"5":2,"6":0,"7":0,"8":0,"9":0,"10":0,"11":0,"12":0,"13":0},"b":{"0":[1],"1":[1,0],"2":[0],"3":[1,1],"4":[1,0],"5":[1],"6":[0],"7":[1],"8":[1,0],"9":[1],"10":[0],"11":[0],"12":[0],"13":[0],"14":[0],"15":[0],"16":[0,0],"17":[0,0],"18":[0,0],"19":[0,0],"20":[0,0]}}
,"/Users/ramon.rocha/Documents/projetoPessoalBackAnd/src/modules/auth/email.service.ts": {"path":"/Users/ramon.rocha/Documents/projetoPessoalBackAnd/src/modules/auth/email.service.ts","statementMap":{"0":{"start":{"line":1,"column":0},"end":{"line":1,"column":44}},"1":{"start":{"line":2,"column":0},"end":{"line":2,"column":32}},"2":{"start":{"line":5,"column":7},"end":{"line":54,"column":null}},"3":{"start":{"line":9,"column":4},"end":{"line":9,"column":57}},"4":{"start":{"line":13,"column":22},"end":{"line":13,"column":81}},"5":{"start":{"line":15,"column":4},"end":{"line":31,"column":5}},"6":{"start":{"line":16,"column":6},"end":{"line":28,"column":9}},"7":{"start":{"line":30,"column":6},"end":{"line":30,"column":65}},"8":{"start":{"line":35,"column":23},"end":{"line":35,"column":80}},"9":{"start":{"line":37,"column":4},"end":{"line":52,"column":5}},"10":{"start":{"line":38,"column":6},"end":{"line":49,"column":9}},"11":{"start":{"line":51,"column":6},"end":{"line":51,"column":65}},"12":{"start":{"line":5,"column":13},"end":{"line":5,"column":25}},"13":{"start":{"line":5,"column":13},"end":{"line":54,"column":null}}},"fnMap":{"0":{"name":"(anonymous_2)","decl":{"start":{"line":8,"column":2},"end":{"line":8,"column":null}},"loc":{"start":{"line":8,"column":2},"end":{"line":10,"column":3}}},"1":{"name":"(anonymous_3)","decl":{"start":{"line":12,"column":2},"end":{"line":12,"column":7}},"loc":{"start":{"line":12,"column":59},"end":{"line":32,"column":3}}},"2":{"name":"(anonymous_4)","decl":{"start":{"line":34,"column":2},"end":{"line":34,"column":7}},"loc":{"start":{"line":34,"column":58},"end":{"line":53,"column":3}}}},"branchMap":{},"s":{"0":1,"1":1,"2":1,"3":0,"4":0,"5":0,"6":0,"7":0,"8":0,"9":0,"10":0,"11":0,"12":1,"13":1},"f":{"0":0,"1":0,"2":0},"b":{}}
,"/Users/ramon.rocha/Documents/projetoPessoalBackAnd/src/modules/auth/jwt.strategy.ts": {"path":"/Users/ramon.rocha/Documents/projetoPessoalBackAnd/src/modules/auth/jwt.strategy.ts","statementMap":{"0":{"start":{"line":1,"column":0},"end":{"line":1,"column":67}},"1":{"start":{"line":2,"column":0},"end":{"line":2,"column":52}},"2":{"start":{"line":3,"column":0},"end":{"line":3,"column":52}},"3":{"start":{"line":5,"column":0},"end":{"line":5,"column":60}},"4":{"start":{"line":8,"column":7},"end":{"line":42,"column":null}},"5":{"start":{"line":10,"column":4},"end":{"line":19,"column":7}},"6":{"start":{"line":14,"column":10},"end":{"line":14,"column":41}},"7":{"start":{"line":9,"column":22},"end":{"line":9,"column":30}},"8":{"start":{"line":23,"column":17},"end":{"line":26,"column":6}},"9":{"start":{"line":28,"column":4},"end":{"line":30,"column":5}},"10":{"start":{"line":29,"column":6},"end":{"line":29,"column":40}},"11":{"start":{"line":32,"column":4},"end":{"line":40,"column":6}},"12":{"start":{"line":8,"column":13},"end":{"line":8,"column":24}},"13":{"start":{"line":8,"column":13},"end":{"line":42,"column":null}}},"fnMap":{"0":{"name":"(anonymous_2)","decl":{"start":{"line":9,"column":2},"end":{"line":9,"column":22}},"loc":{"start":{"line":9,"column":43},"end":{"line":20,"column":3}}},"1":{"name":"(anonymous_3)","decl":{"start":{"line":13,"column":8},"end":{"line":13,"column":9}},"loc":{"start":{"line":13,"column":29},"end":{"line":15,"column":9}}},"2":{"name":"(anonymous_4)","decl":{"start":{"line":22,"column":2},"end":{"line":22,"column":7}},"loc":{"start":{"line":22,"column":29},"end":{"line":41,"column":3}}}},"branchMap":{"0":{"loc":{"start":{"line":18,"column":19},"end":{"line":18,"column":93}},"type":"binary-expr","locations":[{"start":{"line":18,"column":19},"end":{"line":18,"column":41}},{"start":{"line":18,"column":45},"end":{"line":18,"column":93}}]},"1":{"loc":{"start":{"line":28,"column":4},"end":{"line":30,"column":5}},"type":"if","locations":[{"start":{"line":28,"column":4},"end":{"line":30,"column":5}}]}},"s":{"0":0,"1":0,"2":0,"3":0,"4":0,"5":0,"6":0,"7":0,"8":0,"9":0,"10":0,"11":0,"12":0,"13":0},"f":{"0":0,"1":0,"2":0},"b":{"0":[0,0],"1":[0]}}
,"/Users/ramon.rocha/Documents/projetoPessoalBackAnd/src/modules/auth/decorators/auth.decorators.ts": {"path":"/Users/ramon.rocha/Documents/projetoPessoalBackAnd/src/modules/auth/decorators/auth.decorators.ts","statementMap":{"0":{"start":{"line":1,"column":0},"end":{"line":1,"column":45}},"1":{"start":{"line":2,"column":0},"end":{"line":2,"column":72}},"2":{"start":{"line":4,"column":22},"end":{"line":4,"column":57}},"3":{"start":{"line":4,"column":28},"end":{"line":4,"column":57}},"4":{"start":{"line":4,"column":13},"end":{"line":4,"column":22}},"5":{"start":{"line":5,"column":21},"end":{"line":5,"column":72}},"6":{"start":{"line":5,"column":45},"end":{"line":5,"column":72}},"7":{"start":{"line":5,"column":13},"end":{"line":5,"column":21}},"8":{"start":{"line":7,"column":13},"end":{"line":12,"column":2}},"9":{"start":{"line":9,"column":20},"end":{"line":9,"column":51}},"10":{"start":{"line":10,"column":4},"end":{"line":10,"column":24}}},"fnMap":{"0":{"name":"(anonymous_0)","decl":{"start":{"line":4,"column":22},"end":{"line":4,"column":25}},"loc":{"start":{"line":4,"column":28},"end":{"line":4,"column":57}}},"1":{"name":"(anonymous_1)","decl":{"start":{"line":5,"column":21},"end":{"line":5,"column":22}},"loc":{"start":{"line":5,"column":45},"end":{"line":5,"column":72}}},"2":{"name":"(anonymous_2)","decl":{"start":{"line":8,"column":2},"end":{"line":8,"column":3}},"loc":{"start":{"line":8,"column":43},"end":{"line":11,"column":3}}}},"branchMap":{},"s":{"0":0,"1":0,"2":0,"3":0,"4":0,"5":0,"6":0,"7":0,"8":0,"9":0,"10":0},"f":{"0":0,"1":0,"2":0},"b":{}}
,"/Users/ramon.rocha/Documents/projetoPessoalBackAnd/src/modules/auth/dto/auth.dto.ts": {"path":"/Users/ramon.rocha/Documents/projetoPessoalBackAnd/src/modules/auth/dto/auth.dto.ts","statementMap":{"0":{"start":{"line":1,"column":0},"end":{"line":1,"column":24}},"1":{"start":{"line":3,"column":13},"end":{"line":14,"column":3}},"2":{"start":{"line":16,"column":13},"end":{"line":19,"column":3}}},"fnMap":{},"branchMap":{},"s":{"0":0,"1":0,"2":0},"f":{},"b":{}}
,"/Users/ramon.rocha/Documents/projetoPessoalBackAnd/src/modules/auth/dto/password-reset.dto.ts": {"path":"/Users/ramon.rocha/Documents/projetoPessoalBackAnd/src/modules/auth/dto/password-reset.dto.ts","statementMap":{"0":{"start":{"line":1,"column":0},"end":{"line":1,"column":24}},"1":{"start":{"line":3,"column":13},"end":{"line":5,"column":3}},"2":{"start":{"line":7,"column":13},"end":{"line":10,"column":3}}},"fnMap":{},"branchMap":{},"s":{"0":0,"1":0,"2":0},"f":{},"b":{}}
,"/Users/ramon.rocha/Documents/projetoPessoalBackAnd/src/modules/auth/dto/update-profile.dto.ts": {"path":"/Users/ramon.rocha/Documents/projetoPessoalBackAnd/src/modules/auth/dto/update-profile.dto.ts","statementMap":{"0":{"start":{"line":1,"column":0},"end":{"line":1,"column":24}},"1":{"start":{"line":3,"column":13},"end":{"line":8,"column":3}},"2":{"start":{"line":6,"column":18},"end":{"line":6,"column":41}}},"fnMap":{"0":{"name":"(anonymous_0)","decl":{"start":{"line":6,"column":10},"end":{"line":6,"column":14}},"loc":{"start":{"line":6,"column":18},"end":{"line":6,"column":41}}}},"branchMap":{"0":{"loc":{"start":{"line":6,"column":18},"end":{"line":6,"column":41}},"type":"binary-expr","locations":[{"start":{"line":6,"column":18},"end":{"line":6,"column":27}},{"start":{"line":6,"column":31},"end":{"line":6,"column":41}}]}},"s":{"0":0,"1":0,"2":0},"f":{"0":0},"b":{"0":[0,0]}}
,"/Users/ramon.rocha/Documents/projetoPessoalBackAnd/src/modules/auth/dto/verify-email.dto.ts": {"path":"/Users/ramon.rocha/Documents/projetoPessoalBackAnd/src/modules/auth/dto/verify-email.dto.ts","statementMap":{"0":{"start":{"line":1,"column":0},"end":{"line":1,"column":24}},"1":{"start":{"line":3,"column":13},"end":{"line":5,"column":3}}},"fnMap":{},"branchMap":{},"s":{"0":0,"1":0},"f":{},"b":{}}
,"/Users/ramon.rocha/Documents/projetoPessoalBackAnd/src/modules/auth/guards/jwt-auth.guard.ts": {"path":"/Users/ramon.rocha/Documents/projetoPessoalBackAnd/src/modules/auth/guards/jwt-auth.guard.ts","statementMap":{"0":{"start":{"line":1,"column":0},"end":{"line":1,"column":62}},"1":{"start":{"line":2,"column":0},"end":{"line":2,"column":45}},"2":{"start":{"line":3,"column":0},"end":{"line":3,"column":41}},"3":{"start":{"line":6,"column":7},"end":{"line":18,"column":null}},"4":{"start":{"line":8,"column":4},"end":{"line":8,"column":12}},"5":{"start":{"line":7,"column":22},"end":{"line":7,"column":33}},"6":{"start":{"line":12,"column":21},"end":{"line":12,"column":82}},"7":{"start":{"line":13,"column":4},"end":{"line":15,"column":5}},"8":{"start":{"line":14,"column":6},"end":{"line":14,"column":18}},"9":{"start":{"line":16,"column":4},"end":{"line":16,"column":38}},"10":{"start":{"line":6,"column":13},"end":{"line":6,"column":25}},"11":{"start":{"line":6,"column":13},"end":{"line":18,"column":null}}},"fnMap":{"0":{"name":"(anonymous_2)","decl":{"start":{"line":7,"column":2},"end":{"line":7,"column":22}},"loc":{"start":{"line":7,"column":42},"end":{"line":9,"column":3}}},"1":{"name":"(anonymous_3)","decl":{"start":{"line":11,"column":2},"end":{"line":11,"column":13}},"loc":{"start":{"line":11,"column":39},"end":{"line":17,"column":3}}}},"branchMap":{"0":{"loc":{"start":{"line":13,"column":4},"end":{"line":15,"column":5}},"type":"if","locations":[{"start":{"line":13,"column":4},"end":{"line":15,"column":5}}]}},"s":{"0":0,"1":0,"2":0,"3":0,"4":0,"5":0,"6":0,"7":0,"8":0,"9":0,"10":0,"11":0},"f":{"0":0,"1":0},"b":{"0":[0]}}
,"/Users/ramon.rocha/Documents/projetoPessoalBackAnd/src/modules/auth/guards/roles.guard.ts": {"path":"/Users/ramon.rocha/Documents/projetoPessoalBackAnd/src/modules/auth/guards/roles.guard.ts","statementMap":{"0":{"start":{"line":1,"column":0},"end":{"line":1,"column":95}},"1":{"start":{"line":2,"column":0},"end":{"line":2,"column":41}},"2":{"start":{"line":5,"column":7},"end":{"line":23,"column":null}},"3":{"start":{"line":6,"column":22},"end":{"line":6,"column":33}},"4":{"start":{"line":9,"column":26},"end":{"line":9,"column":85}},"5":{"start":{"line":10,"column":4},"end":{"line":12,"column":5}},"6":{"start":{"line":11,"column":6},"end":{"line":11,"column":18}},"7":{"start":{"line":14,"column":20},"end":{"line":14,"column":55}},"8":{"start":{"line":15,"column":17},"end":{"line":15,"column":29}},"9":{"start":{"line":17,"column":4},"end":{"line":19,"column":5}},"10":{"start":{"line":18,"column":6},"end":{"line":18,"column":63}},"11":{"start":{"line":21,"column":4},"end":{"line":21,"column":16}},"12":{"start":{"line":5,"column":13},"end":{"line":5,"column":23}},"13":{"start":{"line":5,"column":13},"end":{"line":23,"column":null}}},"fnMap":{"0":{"name":"(anonymous_2)","decl":{"start":{"line":6,"column":2},"end":{"line":6,"column":22}},"loc":{"start":{"line":6,"column":42},"end":{"line":6,"column":46}}},"1":{"name":"(anonymous_3)","decl":{"start":{"line":8,"column":2},"end":{"line":8,"column":13}},"loc":{"start":{"line":8,"column":39},"end":{"line":22,"column":3}}}},"branchMap":{"0":{"loc":{"start":{"line":10,"column":4},"end":{"line":12,"column":5}},"type":"if","locations":[{"start":{"line":10,"column":4},"end":{"line":12,"column":5}}]},"1":{"loc":{"start":{"line":17,"column":4},"end":{"line":19,"column":5}},"type":"if","locations":[{"start":{"line":17,"column":4},"end":{"line":19,"column":5}}]},"2":{"loc":{"start":{"line":17,"column":8},"end":{"line":17,"column":51}},"type":"binary-expr","locations":[{"start":{"line":17,"column":8},"end":{"line":17,"column":13}},{"start":{"line":17,"column":17},"end":{"line":17,"column":51}}]}},"s":{"0":0,"1":0,"2":0,"3":0,"4":0,"5":0,"6":0,"7":0,"8":0,"9":0,"10":0,"11":0,"12":0,"13":0},"f":{"0":0,"1":0},"b":{"0":[0],"1":[0],"2":[0,0]}}
[...]
":{"line":49,"column":6},"end":{"line":57,"column":9}},"16":{"start":{"line":59,"column":6},"end":{"line":59,"column":20}},"17":{"start":{"line":61,"column":6},"end":{"line":63,"column":7}},"18":{"start":{"line":62,"column":8},"end":{"line":62,"column":70}},"19":{"start":{"line":64,"column":6},"end":{"line":64,"column":18}},"20":{"start":{"line":69,"column":20},"end":{"line":76,"column":6}},"21":{"start":{"line":78,"column":18},"end":{"line":82,"column":6}},"22":{"start":{"line":84,"column":25},"end":{"line":88,"column":6}},"23":{"start":{"line":90,"column":23},"end":{"line":90,"column":55}},"24":{"start":{"line":91,"column":4},"end":{"line":93,"column":7}},"25":{"start":{"line":92,"column":6},"end":{"line":92,"column":38}},"26":{"start":{"line":95,"column":4},"end":{"line":106,"column":6}},"27":{"start":{"line":110,"column":4},"end":{"line":116,"column":7}},"28":{"start":{"line":120,"column":18},"end":{"line":124,"column":6}},"29":{"start":{"line":126,"column":25},"end":{"line":130,"column":6}},"30":{"start":{"line":132,"column":23},"end":{"line":132,"column":55}},"31":{"start":{"line":133,"column":4},"end":{"line":135,"column":7}},"32":{"start":{"line":134,"column":6},"end":{"line":134,"column":38}},"33":{"start":{"line":137,"column":4},"end":{"line":142,"column":6}},"34":{"start":{"line":146,"column":19},"end":{"line":148,"column":6}},"35":{"start":{"line":150,"column":4},"end":{"line":152,"column":5}},"36":{"start":{"line":151,"column":6},"end":{"line":151,"column":62}},"37":{"start":{"line":154,"column":4},"end":{"line":156,"column":5}},"38":{"start":{"line":155,"column":6},"end":{"line":155,"column":74}},"39":{"start":{"line":158,"column":21},"end":{"line":158,"column":86}},"40":{"start":{"line":159,"column":4},"end":{"line":161,"column":5}},"41":{"start":{"line":160,"column":6},"end":{"line":160,"column":66}},"42":{"start":{"line":163,"column":4},"end":{"line":166,"column":7}},"43":{"start":{"line":170,"column":19},"end":{"line":172,"column":6}},"44":{"start":{"line":174,"column":4},"end":{"line":176,"column":5}},"45":{"start":{"line":175,"column":6},"end":{"line":175,"column":62}},"46":{"start":{"line":178,"column":4},"end":{"line":180,"column":5}},"47":{"start":{"line":179,"column":6},"end":{"line":179,"column":75}},"48":{"start":{"line":182,"column":4},"end":{"line":184,"column":7}},"49":{"start":{"line":6,"column":13},"end":{"line":6,"column":27}},"50":{"start":{"line":6,"column":13},"end":{"line":186,"column":null}}},"fnMap":{"0":{"name":"(anonymous_2)","decl":{"start":{"line":7,"column":2},"end":{"line":7,"column":22}},"loc":{"start":{"line":7,"column":43},"end":{"line":7,"column":47}}},"1":{"name":"(anonymous_3)","decl":{"start":{"line":9,"column":2},"end":{"line":9,"column":7}},"loc":{"start":{"line":9,"column":55},"end":{"line":66,"column":3}}},"2":{"name":"(anonymous_4)","decl":{"start":{"line":68,"column":2},"end":{"line":68,"column":7}},"loc":{"start":{"line":68,"column":33},"end":{"line":107,"column":3}}},"3":{"name":"(anonymous_5)","decl":{"start":{"line":91,"column":25},"end":{"line":91,"column":26}},"loc":{"start":{"line":91,"column":29},"end":{"line":93,"column":5}}},"4":{"name":"(anonymous_6)","decl":{"start":{"line":109,"column":2},"end":{"line":109,"column":7}},"loc":{"start":{"line":109,"column":39},"end":{"line":117,"column":3}}},"5":{"name":"(anonymous_7)","decl":{"start":{"line":119,"column":2},"end":{"line":119,"column":7}},"loc":{"start":{"line":119,"column":36},"end":{"line":143,"column":3}}},"6":{"name":"(anonymous_8)","decl":{"start":{"line":133,"column":25},"end":{"line":133,"column":26}},"loc":{"start":{"line":133,"column":29},"end":{"line":135,"column":5}}},"7":{"name":"(anonymous_9)","decl":{"start":{"line":145,"column":2},"end":{"line":145,"column":7}},"loc":{"start":{"line":145,"column":67},"end":{"line":167,"column":3}}},"8":{"name":"(anonymous_10)","decl":{"start":{"line":169,"column":2},"end":{"line":169,"column":7}},"loc":{"start":{"line":169,"column":45},"end":{"line":185,"column":3}}}},"branchMap":{"0":{"loc":{"start":{"line":10,"column":4},"end":{"line":12,"column":5}},"type":"if","locations":[{"start":{"line":10,"column":4},"end":{"line":12,"column":5}}]},"1":{"loc":{"start":{"line":18,"column":4},"end":{"line":20,"column":5}},"type":"if","locations":[{"start":{"line":18,"column":4},"end":{"line":20,"column":5}}]},"2":{"loc":{"start":{"line":22,"column":4},"end":{"line":30,"column":5}},"type":"if","locations":[{"start":{"line":22,"column":4},"end":{"line":30,"column":5}}]},"3":{"loc":{"start":{"line":27,"column":6},"end":{"line":29,"column":7}},"type":"if","locations":[{"start":{"line":27,"column":6},"end":{"line":29,"column":7}}]},"4":{"loc":{"start":{"line":61,"column":6},"end":{"line":63,"column":7}},"type":"if","locations":[{"start":{"line":61,"column":6},"end":{"line":63,"column":7}}]},"5":{"loc":{"start":{"line":99,"column":23},"end":{"line":99,"column":83}},"type":"cond-expr","locations":[{"start":{"line":99,"column":43},"end":{"line":99,"column":79}},{"start":{"line":99,"column":82},"end":{"line":99,"column":83}}]},"6":{"loc":{"start":{"line":140,"column":21},"end":{"line":140,"column":81}},"type":"cond-expr","locations":[{"start":{"line":140,"column":41},"end":{"line":140,"column":77}},{"start":{"line":140,"column":80},"end":{"line":140,"column":81}}]},"7":{"loc":{"start":{"line":150,"column":4},"end":{"line":152,"column":5}},"type":"if","locations":[{"start":{"line":150,"column":4},"end":{"line":152,"column":5}}]},"8":{"loc":{"start":{"line":154,"column":4},"end":{"line":156,"column":5}},"type":"if","locations":[{"start":{"line":154,"column":4},"end":{"line":156,"column":5}}]},"9":{"loc":{"start":{"line":159,"column":4},"end":{"line":161,"column":5}},"type":"if","locations":[{"start":{"line":159,"column":4},"end":{"line":161,"column":5}}]},"10":{"loc":{"start":{"line":174,"column":4},"end":{"line":176,"column":5}},"type":"if","locations":[{"start":{"line":174,"column":4},"end":{"line":176,"column":5}}]},"11":{"loc":{"start":{"line":178,"column":4},"end":{"line":180,"column":5}},"type":"if","locations":[{"start":{"line":178,"column":4},"end":{"line":180,"column":5}}]}},"s":{"0":0,"1":0,"2":0,"3":0,"4":0,"5":0,"6":0,"7":0,"8":0,"9":0,"10":0,"11":0,"12":0,"13":0,"14":0,"15":0,"16":0,"17":0,"18":0,"19":0,"20":0,"21":0,"22":0,"23":0,"24":0,"25":0,"26":0,"27":0,"28":0,"29":0,"30":0,"31":0,"32":0,"33":0,"34":0,"35":0,"36":0,"37":0,"38":0,"39":0,"40":0,"41":0,"42":0,"43":0,"44":0,"45":0,"46":0,"47":0,"48":0,"49":0,"50":0},"f":{"0":0,"1":0,"2":0,"3":0,"4":0,"5":0,"6":0,"7":0,"8":0},"b":{"0":[0],"1":[0],"2":[0],"3":[0],"4":[0],"5":[0,0],"6":[0,0],"7":[0],"8":[0],"9":[0],"10":[0],"11":[0]}}
,"/Users/ramon.rocha/Documents/projetoPessoalBackAnd/src/modules/reviews/dto/review.dto.ts": {"path":"/Users/ramon.rocha/Documents/projetoPessoalBackAnd/src/modules/reviews/dto/review.dto.ts","statementMap":{"0":{"start":{"line":1,"column":0},"end":{"line":1,"column":24}},"1":{"start":{"line":3,"column":13},"end":{"line":8,"column":3}},"2":{"start":{"line":10,"column":13},"end":{"line":13,"column":3}}},"fnMap":{},"branchMap":{},"s":{"0":0,"1":0,"2":0},"f":{},"b":{}}
,"/Users/ramon.rocha/Documents/projetoPessoalBackAnd/src/modules/users/users.controller.ts": {"path":"/Users/ramon.rocha/Documents/projetoPessoalBackAnd/src/modules/users/users.controller.ts","statementMap":{"0":{"start":{"line":1,"column":0},"end":{"line":1,"column":71}},"1":{"start":{"line":2,"column":0},"end":{"line":2,"column":84}},"2":{"start":{"line":3,"column":0},"end":{"line":3,"column":47}},"3":{"start":{"line":4,"column":0},"end":{"line":4,"column":71}},"4":{"start":{"line":5,"column":0},"end":{"line":5,"column":75}},"5":{"start":{"line":6,"column":0},"end":{"line":6,"column":61}},"6":{"start":{"line":7,"column":0},"end":{"line":7,"column":65}},"7":{"start":{"line":13,"column":7},"end":{"line":32,"column":null}},"8":{"start":{"line":14,"column":22},"end":{"line":14,"column":36}},"9":{"start":{"line":20,"column":4},"end":{"line":20,"column":53}},"10":{"start":{"line":30,"column":4},"end":{"line":30,"column":61}},"11":{"start":{"line":13,"column":13},"end":{"line":13,"column":28}},"12":{"start":{"line":19,"column":8},"end":{"line":21,"column":null}},"13":{"start":{"line":26,"column":8},"end":{"line":31,"column":null}},"14":{"start":{"line":13,"column":13},"end":{"line":32,"column":null}}},"fnMap":{"0":{"name":"(anonymous_4)","decl":{"start":{"line":14,"column":2},"end":{"line":14,"column":22}},"loc":{"start":{"line":14,"column":48},"end":{"line":14,"column":52}}},"1":{"name":"(anonymous_5)","decl":{"start":{"line":19,"column":2},"end":{"line":19,"column":7}},"loc":{"start":{"line":19,"column":43},"end":{"line":21,"column":3}}},"2":{"name":"(anonymous_6)","decl":{"start":{"line":26,"column":2},"end":{"line":26,"column":7}},"loc":{"start":{"line":28,"column":75},"end":{"line":31,"column":3}}}},"branchMap":{},"s":{"0":0,"1":0,"2":0,"3":0,"4":0,"5":0,"6":0,"7":0,"8":0,"9":0,"10":0,"11":0,"12":0,"13":0,"14":0},"f":{"0":0,"1":0,"2":0},"b":{}}
,"/Users/ramon.rocha/Documents/projetoPessoalBackAnd/src/modules/users/users.module.ts": {"path":"/Users/ramon.rocha/Documents/projetoPessoalBackAnd/src/modules/users/users.module.ts","statementMap":{"0":{"start":{"line":1,"column":0},"end":{"line":1,"column":40}},"1":{"start":{"line":2,"column":0},"end":{"line":2,"column":53}},"2":{"start":{"line":3,"column":0},"end":{"line":3,"column":47}},"3":{"start":{"line":4,"column":0},"end":{"line":4,"column":60}},"4":{"start":{"line":10,"column":7},"end":{"line":10,"column":null}},"5":{"start":{"line":10,"column":13},"end":{"line":10,"column":24}},"6":{"start":{"line":10,"column":13},"end":{"line":10,"column":null}}},"fnMap":{},"branchMap":{},"s":{"0":0,"1":0,"2":0,"3":0,"4":0,"5":0,"6":0},"f":{},"b":{}}
,"/Users/ramon.rocha/Documents/projetoPessoalBackAnd/src/modules/users/users.service.ts": {"path":"/Users/ramon.rocha/Documents/projetoPessoalBackAnd/src/modules/users/users.service.ts","statementMap":{"0":{"start":{"line":1,"column":0},"end":{"line":1,"column":63}},"1":{"start":{"line":2,"column":0},"end":{"line":2,"column":60}},"2":{"start":{"line":6,"column":7},"end":{"line":61,"column":null}},"3":{"start":{"line":7,"column":22},"end":{"line":7,"column":30}},"4":{"start":{"line":10,"column":17},"end":{"line":27,"column":6}},"5":{"start":{"line":29,"column":4},"end":{"line":31,"column":5}},"6":{"start":{"line":30,"column":6},"end":{"line":30,"column":60}},"7":{"start":{"line":33,"column":4},"end":{"line":33,"column":16}},"8":{"start":{"line":37,"column":22},"end":{"line":37,"column":24}},"9":{"start":{"line":38,"column":4},"end":{"line":38,"column":39}},"10":{"start":{"line":38,"column":18},"end":{"line":38,"column":39}},"11":{"start":{"line":39,"column":4},"end":{"line":39,"column":49}},"12":{"start":{"line":39,"column":19},"end":{"line":39,"column":49}},"13":{"start":{"line":41,"column":4},"end":{"line":59,"column":7}},"14":{"start":{"line":6,"column":13},"end":{"line":6,"column":25}},"15":{"start":{"line":6,"column":13},"end":{"line":61,"column":null}}},"fnMap":{"0":{"name":"(anonymous_2)","decl":{"start":{"line":7,"column":2},"end":{"line":7,"column":22}},"loc":{"start":{"line":7,"column":43},"end":{"line":7,"column":47}}},"1":{"name":"(anonymous_3)","decl":{"start":{"line":9,"column":2},"end":{"line":9,"column":7}},"loc":{"start":{"line":9,"column":33},"end":{"line":34,"column":3}}},"2":{"name":"(anonymous_4)","decl":{"start":{"line":36,"column":2},"end":{"line":36,"column":7}},"loc":{"start":{"line":36,"column":59},"end":{"line":60,"column":3}}}},"branchMap":{"0":{"loc":{"start":{"line":29,"column":4},"end":{"line":31,"column":5}},"type":"if","locations":[{"start":{"line":29,"column":4},"end":{"line":31,"column":5}}]},"1":{"loc":{"start":{"line":38,"column":4},"end":{"line":38,"column":39}},"type":"if","locations":[{"start":{"line":38,"column":4},"end":{"line":38,"column":39}}]},"2":{"loc":{"start":{"line":39,"column":4},"end":{"line":39,"column":49}},"type":"if","locations":[{"start":{"line":39,"column":4},"end":{"line":39,"column":49}}]}},"s":{"0":0,"1":0,"2":0,"3":0,"4":0,"5":0,"6":0,"7":0,"8":0,"9":0,"10":0,"11":0,"12":0,"13":0,"14":0,"15":0},"f":{"0":0,"1":0,"2":0},"b":{"0":[0],"1":[0],"2":[0]}}
,"/Users/ramon.rocha/Documents/projetoPessoalBackAnd/src/modules/users/dto/user.dto.ts": {"path":"/Users/ramon.rocha/Documents/projetoPessoalBackAnd/src/modules/users/dto/user.dto.ts","statementMap":{"0":{"start":{"line":1,"column":0},"end":{"line":1,"column":24}},"1":{"start":{"line":3,"column":13},"end":{"line":6,"column":3}}},"fnMap":{},"branchMap":{},"s":{"0":0,"1":0},"f":{},"b":{}}
,"/Users/ramon.rocha/Documents/projetoPessoalBackAnd/src/modules/webhooks/webhooks.controller.ts": {"path":"/Users/ramon.rocha/Documents/projetoPessoalBackAnd/src/modules/webhooks/webhooks.controller.ts","statementMap":{"0":{"start":{"line":1,"column":0},"end":{"line":1,"column":78}},"1":{"start":{"line":3,"column":0},"end":{"line":3,"column":60}},"2":{"start":{"line":4,"column":0},"end":{"line":4,"column":53}},"3":{"start":{"line":7,"column":7},"end":{"line":27,"column":null}},"4":{"start":{"line":8,"column":31},"end":{"line":8,"column":48}},"5":{"start":{"line":13,"column":4},"end":{"line":19,"column":5}},"6":{"start":{"line":14,"column":6},"end":{"line":14,"column":64}},"7":{"start":{"line":15,"column":6},"end":{"line":15,"column":64}},"8":{"start":{"line":17,"column":6},"end":{"line":17,"column":47}},"9":{"start":{"line":18,"column":6},"end":{"line":18,"column":89}},"10":{"start":{"line":25,"column":4},"end":{"line":25,"column":28}},"11":{"start":{"line":7,"column":13},"end":{"line":7,"column":31}},"12":{"start":{"line":12,"column":8},"end":{"line":20,"column":null}},"13":{"start":{"line":24,"column":2},"end":{"line":26,"column":null}},"14":{"start":{"line":7,"column":13},"end":{"line":27,"column":null}}},"fnMap":{"0":{"name":"(anonymous_4)","decl":{"start":{"line":8,"column":2},"end":{"line":8,"column":31}},"loc":{"start":{"line":8,"column":63},"end":{"line":8,"column":67}}},"1":{"name":"(anonymous_5)","decl":{"start":{"line":12,"column":2},"end":{"line":12,"column":7}},"loc":{"start":{"line":12,"column":66},"end":{"line":20,"column":3}}},"2":{"name":"(anonymous_6)","decl":{"start":{"line":24,"column":2},"end":{"line":24,"column":13}},"loc":{"start":{"line":24,"column":13},"end":{"line":26,"column":3}}}},"branchMap":{},"s":{"0":0,"1":0,"2":0,"3":0,"4":0,"5":0,"6":0,"7":0,"8":0,"9":0,"10":0,"11":0,"12":0,"13":0,"14":0},"f":{"0":0,"1":0,"2":0},"b":{}}
,"/Users/ramon.rocha/Documents/projetoPessoalBackAnd/src/modules/webhooks/webhooks.module.ts": {"path":"/Users/ramon.rocha/Documents/projetoPessoalBackAnd/src/modules/webhooks/webhooks.module.ts","statementMap":{"0":{"start":{"line":1,"column":0},"end":{"line":1,"column":40}},"1":{"start":{"line":2,"column":0},"end":{"line":2,"column":59}},"2":{"start":{"line":3,"column":0},"end":{"line":3,"column":53}},"3":{"start":{"line":4,"column":0},"end":{"line":4,"column":60}},"4":{"start":{"line":10,"column":7},"end":{"line":10,"column":null}},"5":{"start":{"line":10,"column":13},"end":{"line":10,"column":27}},"6":{"start":{"line":10,"column":13},"end":{"line":10,"column":null}}},"fnMap":{},"branchMap":{},"s":{"0":0,"1":0,"2":0,"3":0,"4":0,"5":0,"6":0},"f":{},"b":{}}
,"/Users/ramon.rocha/Documents/projetoPessoalBackAnd/src/modules/webhooks/webhooks.service.ts": {"path":"/Users/ramon.rocha/Documents/projetoPessoalBackAnd/src/modules/webhooks/webhooks.service.ts","statementMap":{"0":{"start":{"line":1,"column":0},"end":{"line":1,"column":52}},"1":{"start":{"line":2,"column":0},"end":{"line":2,"column":57}},"2":{"start":{"line":3,"column":0},"end":{"line":3,"column":60}},"3":{"start":{"line":6,"column":28},"end":{"line":73,"column":null}},"4":{"start":{"line":10,"column":22},"end":{"line":10,"column":30}},"5":{"start":{"line":7,"column":19},"end":{"line":7,"column":61}},"6":{"start":{"line":11,"column":4},"end":{"line":13,"column":7}},"7":{"start":{"line":17,"column":4},"end":{"line":19,"column":5}},"8":{"start":{"line":18,"column":6},"end":{"line":18,"column":13}},"9":{"start":{"line":21,"column":22},"end":{"line":21,"column":35}},"10":{"start":{"line":23,"column":4},"end":{"line":25,"column":5}},"11":{"start":{"line":24,"column":6},"end":{"line":24,"column":13}},"12":{"start":{"line":27,"column":4},"end":{"line":71,"column":5}},"13":{"start":{"line":28,"column":22},"end":{"line":28,"column":46}},"14":{"start":{"line":29,"column":26},"end":{"line":29,"column":62}},"15":{"start":{"line":31,"column":6},"end":{"line":33,"column":7}},"16":{"start":{"line":32,"column":8},"end":{"line":32,"column":15}},"17":{"start":{"line":35,"column":32},"end":{"line":35,"column":62}},"18":{"start":{"line":37,"column":6},"end":{"line":40,"column":7}},"19":{"start":{"line":38,"column":8},"end":{"line":38,"column":74}},"20":{"start":{"line":39,"column":8},"end":{"line":39,"column":15}},"21":{"start":{"line":42,"column":20},"end":{"line":42,"column":48}},"22":{"start":{"line":43,"column":23},"end":{"line":43,"column":46}},"23":{"start":{"line":44,"column":21},"end":{"line":44,"column":49}},"24":{"start":{"line":46,"column":6},"end":{"line":49,"column":7}},"25":{"start":{"line":47,"column":8},"end":{"line":47,"column":79}},"26":{"start":{"line":48,"column":8},"end":{"line":48,"column":15}},"27":{"start":{"line":51,"column":25},"end":{"line":54,"column":8}},"28":{"start":{"line":56,"column":21},"end":{"line":56,"column":60}},"29":{"start":{"line":58,"column":6},"end":{"line":65,"column":9}},"30":{"start":{"line":67,"column":6},"end":{"line":67,"column":115}},"31":{"start":{"line":70,"column":6},"end":{"line":70,"column":86}},"32":{"start":{"line":6,"column":13},"end":{"line":6,"column":28}},"33":{"start":{"line":6,"column":13},"end":{"line":73,"column":null}}},"fnMap":{"0":{"name":"(anonymous_2)","decl":{"start":{"line":10,"column":2},"end":{"line":10,"column":22}},"loc":{"start":{"line":10,"column":43},"end":{"line":14,"column":3}}},"1":{"name":"(anonymous_3)","decl":{"start":{"line":16,"column":2},"end":{"line":16,"column":7}},"loc":{"start":{"line":16,"column":42},"end":{"line":72,"column":3}}}},"branchMap":{"0":{"loc":{"start":{"line":12,"column":19},"end":{"line":12,"column":61}},"type":"binary-expr","locations":[{"start":{"line":12,"column":19},"end":{"line":12,"column":55}},{"start":{"line":12,"column":59},"end":{"line":12,"column":61}}]},"1":{"loc":{"start":{"line":17,"column":4},"end":{"line":19,"column":5}},"type":"if","locations":[{"start":{"line":17,"column":4},"end":{"line":19,"column":5}}]},"2":{"loc":{"start":{"line":23,"column":4},"end":{"line":25,"column":5}},"type":"if","locations":[{"start":{"line":23,"column":4},"end":{"line":25,"column":5}}]},"3":{"loc":{"start":{"line":31,"column":6},"end":{"line":33,"column":7}},"type":"if","locations":[{"start":{"line":31,"column":6},"end":{"line":33,"column":7}}]},"4":{"loc":{"start":{"line":37,"column":6},"end":{"line":40,"column":7}},"type":"if","locations":[{"start":{"line":37,"column":6},"end":{"line":40,"column":7}}]},"5":{"loc":{"start":{"line":46,"column":6},"end":{"line":49,"column":7}},"type":"if","locations":[{"start":{"line":46,"column":6},"end":{"line":49,"column":7}}]},"6":{"loc":{"start":{"line":46,"column":10},"end":{"line":46,"column":30}},"type":"binary-expr","locations":[{"start":{"line":46,"column":10},"end":{"line":46,"column":17}},{"start":{"line":46,"column":21},"end":{"line":46,"column":30}}]},"7":{"loc":{"start":{"line":56,"column":21},"end":{"line":56,"column":60}},"type":"binary-expr","locations":[{"start":{"line":56,"column":21},"end":{"line":56,"column":41}},{"start":{"line":56,"column":45},"end":{"line":56,"column":60}}]}},"s":{"0":0,"1":0,"2":0,"3":0,"4":0,"5":0,"6":0,"7":0,"8":0,"9":0,"10":0,"11":0,"12":0,"13":0,"14":0,"15":0,"16":0,"17":0,"18":0,"19":0,"20":0,"21":0,"22":0,"23":0,"24":0,"25":0,"26":0,"27":0,"28":0,"29":0,"30":0,"31":0,"32":0,"33":0},"f":{"0":0,"1":0},"b":{"0":[0,0],"1":[0],"2":[0],"3":[0],"4":[0],"5":[0],"6":[0,0],"7":[0,0]}}
}
