TN:
SF:src/app.module.ts
FNF:0
FNH:0
DA:1,0
DA:2,0
DA:3,0
DA:4,0
DA:5,0
DA:6,0
DA:7,0
DA:8,0
DA:9,0
DA:10,0
DA:11,0
DA:12,0
DA:13,0
DA:14,0
DA:15,0
DA:16,0
DA:17,0
DA:18,0
DA:52,0
LF:19
LH:0
BRF:0
BRH:0
end_of_record
TN:
SF:src/main.ts
FN:11,bootstrap
FNF:1
FNH:0
FNDA:0,bootstrap
DA:1,0
DA:2,0
DA:3,0
DA:4,0
DA:5,0
DA:6,0
DA:7,0
DA:8,0
DA:9,0
DA:13,0
DA:14,0
DA:19,0
DA:22,0
DA:27,0
DA:28,0
DA:32,0
DA:35,0
DA:49,0
DA:67,0
DA:74,0
DA:77,0
DA:89,0
DA:90,0
DA:92,0
DA:93,0
DA:95,0
DA:96,0
DA:97,0
DA:98,0
DA:99,0
DA:101,0
DA:102,0
DA:105,0
DA:106,0
DA:110,0
LF:35
LH:0
BRDA:13,0,0,0
BRDA:16,1,0,0
BRDA:16,1,1,0
BRDA:16,1,2,0
BRDA:17,2,0,0
BRDA:17,2,1,0
BRDA:27,3,0,0
BRDA:92,4,0,0
BRDA:92,4,1,0
BRDA:101,5,0,0
BRDA:105,6,0,0
BRF:11
BRH:0
end_of_record
TN:
SF:src/common/logger.example.ts
FN:14,(anonymous_2)
FN:19,(anonymous_3)
FN:46,(anonymous_4)
FN:54,(anonymous_5)
FN:72,(anonymous_6)
FNF:5
FNH:0
FNDA:0,(anonymous_2)
FNDA:0,(anonymous_3)
FNDA:0,(anonymous_4)
FNDA:0,(anonymous_5)
FNDA:0,(anonymous_6)
DA:1,0
DA:2,0
DA:3,0
DA:13,0
DA:15,0
DA:16,0
DA:20,0
DA:21,0
DA:26,0
DA:30,0
DA:35,0
DA:37,0
DA:42,0
DA:47,0
DA:52,0
DA:54,0
DA:56,0
DA:61,0
DA:63,0
DA:68,0
DA:73,0
DA:79,0
DA:80,0
DA:84,0
DA:88,0
LF:25
LH:0
BRDA:79,0,0,0
BRF:1
BRH:0
end_of_record
TN:
SF:src/common/logger.service.ts
FN:8,(anonymous_11)
FN:14,(anonymous_12)
FN:18,(anonymous_13)
FN:22,(anonymous_14)
FN:26,(anonymous_15)
FN:32,(anonymous_16)
FN:38,(anonymous_17)
FN:62,(anonymous_18)
FN:73,(anonymous_19)
FNF:9
FNH:0
FNDA:0,(anonymous_11)
FNDA:0,(anonymous_12)
FNDA:0,(anonymous_13)
FNDA:0,(anonymous_14)
FNDA:0,(anonymous_15)
FNDA:0,(anonymous_16)
FNDA:0,(anonymous_17)
FNDA:0,(anonymous_18)
FNDA:0,(anonymous_19)
DA:1,0
DA:2,0
DA:5,0
DA:9,0
DA:10,0
DA:15,0
DA:19,0
DA:23,0
DA:27,0
DA:28,0
DA:33,0
DA:34,0
DA:39,0
DA:49,0
DA:50,0
DA:52,0
DA:53,0
DA:57,0
DA:58,0
DA:63,0
DA:70,0
DA:74,0
LF:22
LH:0
BRDA:9,0,0,0
BRDA:27,1,0,0
BRDA:33,2,0,0
BRDA:42,3,0,0
BRDA:42,3,1,0
BRDA:44,4,0,0
BRDA:44,4,1,0
BRDA:52,5,0,0
BRDA:57,6,0,0
BRDA:70,7,0,0
BRDA:70,7,1,0
BRF:11
BRH:0
end_of_record
TN:
SF:src/common/prisma.service.ts
FN:6,(anonymous_1)
FN:10,(anonymous_2)
FNF:2
FNH:0
FNDA:0,(anonymous_1)
FNDA:0,(anonymous_2)
DA:1,2
DA:2,2
DA:5,2
DA:7,0
DA:11,0
LF:5
LH:3
BRF:0
BRH:0
end_of_record
TN:
SF:src/common/sentry.interceptor.ts
FN:14,(anonymous_10)
FN:16,(anonymous_11)
FN:21,(anonymous_12)
FN:49,(anonymous_13)
FN:54,(anonymous_14)
FN:62,(anonymous_15)
FNF:6
FNH:0
FNDA:0,(anonymous_10)
FNDA:0,(anonymous_11)
FNDA:0,(anonymous_12)
FNDA:0,(anonymous_13)
FNDA:0,(anonymous_14)
FNDA:0,(anonymous_15)
DA:1,0
DA:8,0
DA:9,0
DA:10,0
DA:13,0
DA:15,0
DA:18,0
DA:19,0
DA:21,0
DA:23,0
DA:24,0
DA:32,0
DA:41,0
DA:42,0
DA:45,0
DA:49,0
DA:55,0
DA:57,0
DA:58,0
DA:59,0
DA:63,0
DA:64,0
DA:66,0
DA:67,0
DA:68,0
DA:69,0
LF:26
LH:0
BRDA:18,0,0,0
BRDA:18,1,0,0
BRDA:18,1,1,0
BRDA:23,2,0,0
BRDA:42,3,0,0
BRDA:42,3,1,0
BRDA:63,4,0,0
BRF:7
BRH:0
end_of_record
TN:
SF:src/common/pipes/sanitize.pipe.ts
FN:6,(anonymous_2)
FN:13,(anonymous_3)
FNF:2
FNH:0
FNDA:0,(anonymous_2)
FNDA:0,(anonymous_3)
DA:1,0
DA:2,0
DA:5,0
DA:7,0
DA:8,0
DA:10,0
DA:14,0
DA:15,0
DA:16,0
DA:17,0
DA:21,0
DA:22,0
DA:25,0
LF:13
LH:0
BRDA:7,0,0,0
BRDA:7,1,0,0
BRDA:7,1,1,0
BRDA:16,2,0,0
BRDA:16,2,1,0
BRDA:21,3,0,0
BRDA:21,4,0,0
BRDA:21,4,1,0
BRF:8
BRH:0
end_of_record
TN:
SF:src/common/pipes/zod-validation.pipe.ts
FN:5,(anonymous_0)
FN:7,(anonymous_1)
FNF:2
FNH:0
FNDA:0,(anonymous_0)
FNDA:0,(anonymous_1)
DA:1,0
DA:4,0
DA:5,0
DA:8,0
DA:9,0
DA:11,0
LF:6
LH:0
BRF:0
BRH:0
end_of_record
TN:
SF:src/modules/admin/admin-panel.controller.ts
FN:21,(anonymous_4)
FN:25,(anonymous_5)
FN:31,(anonymous_6)
FN:45,(anonymous_7)
FN:54,(anonymous_8)
FN:63,(anonymous_9)
FN:77,(anonymous_10)
FN:86,(anonymous_11)
FN:96,(anonymous_12)
FN:102,(anonymous_13)
FN:115,(anonymous_14)
FN:121,(anonymous_15)
FN:127,(anonymous_16)
FN:135,(anonymous_17)
FN:144,(anonymous_18)
FNF:15
FNH:0
FNDA:0,(anonymous_4)
FNDA:0,(anonymous_5)
FNDA:0,(anonymous_6)
FNDA:0,(anonymous_7)
FNDA:0,(anonymous_8)
FNDA:0,(anonymous_9)
FNDA:0,(anonymous_10)
FNDA:0,(anonymous_11)
FNDA:0,(anonymous_12)
FNDA:0,(anonymous_13)
FNDA:0,(anonymous_14)
FNDA:0,(anonymous_15)
FNDA:0,(anonymous_16)
FNDA:0,(anonymous_17)
FNDA:0,(anonymous_18)
DA:1,0
DA:2,0
DA:3,0
DA:4,0
DA:10,0
DA:11,0
DA:12,0
DA:13,0
DA:20,0
DA:21,0
DA:25,0
DA:26,0
DA:31,0
DA:36,0
DA:45,0
DA:49,0
DA:54,0
DA:58,0
DA:63,0
DA:68,0
DA:77,0
DA:81,0
DA:86,0
DA:90,0
DA:96,0
DA:97,0
DA:102,0
DA:106,0
DA:115,0
DA:116,0
DA:121,0
DA:122,0
DA:127,0
DA:130,0
DA:135,0
DA:138,0
DA:144,0
DA:145,0
LF:38
LH:0
BRDA:37,0,0,0
BRDA:37,0,1,0
BRDA:38,1,0,0
BRDA:38,1,1,0
BRDA:69,2,0,0
BRDA:69,2,1,0
BRDA:70,3,0,0
BRDA:70,3,1,0
BRDA:107,4,0,0
BRDA:107,4,1,0
BRDA:108,5,0,0
BRDA:108,5,1,0
BRF:12
BRH:0
end_of_record
TN:
SF:src/modules/admin/admin-panel.service.ts
FN:7,(anonymous_2)
FN:9,(anonymous_3)
FN:35,(anonymous_4)
FN:44,(anonymous_5)
FN:83,(anonymous_6)
FN:99,(anonymous_7)
FN:106,(anonymous_8)
FN:141,(anonymous_9)
FN:148,(anonymous_10)
FN:155,(anonymous_11)
FN:160,(anonymous_12)
FN:191,(anonymous_13)
FN:196,(anonymous_14)
FN:210,(anonymous_15)
FN:225,(anonymous_16)
FN:239,(anonymous_17)
FNF:16
FNH:0
FNDA:0,(anonymous_2)
FNDA:0,(anonymous_3)
FNDA:0,(anonymous_4)
FNDA:0,(anonymous_5)
FNDA:0,(anonymous_6)
FNDA:0,(anonymous_7)
FNDA:0,(anonymous_8)
FNDA:0,(anonymous_9)
FNDA:0,(anonymous_10)
FNDA:0,(anonymous_11)
FNDA:0,(anonymous_12)
FNDA:0,(anonymous_13)
FNDA:0,(anonymous_14)
FNDA:0,(anonymous_15)
FNDA:0,(anonymous_16)
FNDA:0,(anonymous_17)
DA:1,0
DA:2,0
DA:6,0
DA:7,0
DA:10,0
DA:11,0
DA:13,0
DA:22,0
DA:28,0
DA:35,0
DA:45,0
DA:46,0
DA:48,0
DA:49,0
DA:55,0
DA:75,0
DA:84,0
DA:89,0
DA:90,0
DA:96,0
DA:100,0
DA:107,0
DA:108,0
DA:110,0
DA:111,0
DA:114,0
DA:133,0
DA:142,0
DA:149,0
DA:156,0
DA:157,0
DA:161,0
DA:163,0
DA:183,0
DA:192,0
DA:193,0
DA:197,0
DA:202,0
DA:211,0
DA:213,0
DA:214,0
DA:220,0
DA:226,0
DA:231,0
DA:240,0
DA:241,0
LF:46
LH:0
BRDA:44,0,0,0
BRDA:44,1,0,0
BRDA:48,2,0,0
BRDA:89,3,0,0
BRDA:106,4,0,0
BRDA:106,5,0,0
BRDA:110,6,0,0
BRDA:110,7,0,0
BRDA:110,7,1,0
BRDA:160,8,0,0
BRDA:160,9,0,0
BRDA:203,10,0,0
BRDA:203,10,1,0
BRDA:213,11,0,0
BRDA:234,12,0,0
BRDA:234,12,1,0
BRF:16
BRH:0
end_of_record
TN:
SF:src/modules/admin/admin.controller.ts
FN:13,(anonymous_2)
FN:20,(anonymous_3)
FNF:2
FNH:0
FNDA:0,(anonymous_2)
FNDA:0,(anonymous_3)
DA:1,0
DA:2,0
DA:3,0
DA:4,0
DA:5,0
DA:6,0
DA:12,0
DA:13,0
DA:20,0
DA:21,0
LF:10
LH:0
BRF:0
BRH:0
end_of_record
TN:
SF:src/modules/admin/admin.module.ts
FNF:0
FNH:0
DA:1,0
DA:2,0
DA:3,0
DA:4,0
DA:10,0
LF:5
LH:0
BRF:0
BRH:0
end_of_record
TN:
SF:src/modules/admin/admin.service.ts
FN:6,(anonymous_2)
FN:8,(anonymous_3)
FNF:2
FNH:0
FNDA:0,(anonymous_2)
FNDA:0,(anonymous_3)
DA:1,0
DA:2,0
DA:5,0
DA:6,0
DA:9,0
LF:5
LH:0
BRF:0
BRH:0
end_of_record
TN:
SF:src/modules/admin/dto/admin.dto.ts
FNF:0
FNH:0
DA:1,0
DA:3,0
DA:7,0
DA:11,0
DA:15,0
DA:19,0
DA:25,0
LF:7
LH:0
BRF:0
BRH:0
end_of_record
TN:
SF:src/modules/auth/auth.controller.ts
FN:17,(anonymous_4)
FN:23,(anonymous_5)
FN:33,(anonymous_6)
FN:59,(anonymous_7)
FN:83,(anonymous_8)
FN:94,(anonymous_9)
FN:114,(anonymous_10)
FN:124,(anonymous_11)
FN:134,(anonymous_12)
FN:143,(anonymous_13)
FN:152,(anonymous_14)
FN:161,(anonymous_15)
FNF:12
FNH:0
FNDA:0,(anonymous_4)
FNDA:0,(anonymous_5)
FNDA:0,(anonymous_6)
FNDA:0,(anonymous_7)
FNDA:0,(anonymous_8)
FNDA:0,(anonymous_9)
FNDA:0,(anonymous_10)
FNDA:0,(anonymous_11)
FNDA:0,(anonymous_12)
FNDA:0,(anonymous_13)
FNDA:0,(anonymous_14)
FNDA:0,(anonymous_15)
DA:1,0
DA:2,0
DA:3,0
DA:5,0
DA:6,0
DA:7,0
DA:8,0
DA:9,0
DA:10,0
DA:11,0
DA:12,0
DA:16,0
DA:17,0
DA:23,0
DA:24,0
DA:33,0
DA:36,0
DA:38,0
DA:39,0
DA:41,0
DA:59,0
DA:62,0
DA:64,0
DA:65,0
DA:67,0
DA:83,0
DA:84,0
DA:85,0
DA:94,0
DA:95,0
DA:97,0
DA:98,0
DA:100,0
DA:114,0
DA:115,0
DA:124,0
DA:125,0
DA:134,0
DA:135,0
DA:143,0
DA:144,0
DA:152,0
DA:153,0
DA:161,0
DA:165,0
LF:45
LH:0
BRDA:39,0,0,0
BRDA:39,0,1,0
BRDA:44,1,0,0
BRDA:44,1,1,0
BRDA:65,2,0,0
BRDA:65,2,1,0
BRDA:70,3,0,0
BRDA:70,3,1,0
BRDA:98,4,0,0
BRDA:98,4,1,0
BRDA:104,5,0,0
BRDA:104,5,1,0
BRF:12
BRH:0
end_of_record
TN:
SF:src/modules/auth/auth.module.ts
FNF:0
FNH:0
DA:1,0
DA:2,0
DA:3,0
DA:4,0
DA:5,0
DA:6,0
DA:7,0
DA:8,0
DA:22,0
LF:9
LH:0
BRDA:14,0,0,0
BRDA:14,0,1,0
BRDA:15,1,0,0
BRDA:15,1,1,0
BRF:4
BRH:0
end_of_record
TN:
SF:src/modules/auth/auth.service.ts
FN:13,(anonymous_11)
FN:19,(anonymous_12)
FN:97,(anonymous_13)
FN:164,(anonymous_14)
FN:172,(anonymous_15)
FN:176,(anonymous_16)
FN:185,(anonymous_17)
FN:210,(anonymous_18)
FN:239,(anonymous_19)
FN:265,(anonymous_20)
FN:317,(anonymous_21)
FN:343,(anonymous_22)
FN:400,(anonymous_23)
FN:409,(anonymous_24)
FNF:14
FNH:6
FNDA:5,(anonymous_11)
FNDA:2,(anonymous_12)
FNDA:3,(anonymous_13)
FNDA:2,(anonymous_14)
FNDA:2,(anonymous_15)
FNDA:2,(anonymous_16)
FNDA:0,(anonymous_17)
FNDA:0,(anonymous_18)
FNDA:0,(anonymous_19)
FNDA:0,(anonymous_20)
FNDA:0,(anonymous_21)
FNDA:0,(anonymous_22)
FNDA:0,(anonymous_23)
FNDA:0,(anonymous_24)
DA:1,1
DA:2,1
DA:3,1
DA:4,1
DA:5,1
DA:9,1
DA:12,1
DA:14,5
DA:15,5
DA:16,5
DA:20,2
DA:24,2
DA:25,1
DA:28,1
DA:30,1
DA:34,1
DA:35,0
DA:38,1
DA:40,1
DA:47,1
DA:61,1
DA:62,1
DA:70,1
DA:72,1
DA:73,1
DA:74,1
DA:76,1
DA:98,3
DA:103,3
DA:104,1
DA:107,2
DA:109,2
DA:110,0
DA:113,2
DA:114,1
DA:117,1
DA:118,1
DA:119,1
DA:122,1
DA:134,1
DA:165,2
DA:173,2
DA:177,2
DA:178,2
DA:180,2
DA:186,0
DA:190,0
DA:191,0
DA:194,0
DA:195,0
DA:197,0
DA:205,0
DA:207,0
DA:211,0
DA:220,0
DA:221,0
DA:224,0
DA:226,0
DA:231,0
DA:236,0
DA:240,0
DA:248,0
DA:249,0
DA:252,0
DA:257,0
DA:262,0
DA:266,0
DA:291,0
DA:292,0
DA:295,0
DA:307,0
DA:318,0
DA:323,0
DA:324,0
DA:325,0
DA:328,0
DA:336,0
DA:344,0
DA:349,0
DA:350,0
DA:353,0
DA:359,0
DA:371,0
DA:401,0
DA:410,0
DA:433,0
LF:86
LH:43
BRDA:24,0,0,1
BRDA:28,1,0,1
BRDA:28,1,1,0
BRDA:34,2,0,0
BRDA:49,3,0,1
BRDA:49,3,1,1
BRDA:85,4,0,1
BRDA:85,4,1,0
BRDA:103,5,0,1
BRDA:109,6,0,0
BRDA:113,7,0,1
BRDA:148,8,0,1
BRDA:148,8,1,0
BRDA:164,9,0,1
BRDA:190,10,0,0
BRDA:220,11,0,0
BRDA:248,12,0,0
BRDA:291,13,0,0
BRDA:324,14,0,0
BRDA:349,15,0,0
BRDA:349,16,0,0
BRDA:349,16,1,0
BRDA:386,17,0,0
BRDA:386,17,1,0
BRDA:404,18,0,0
BRDA:404,18,1,0
BRDA:413,19,0,0
BRDA:413,19,1,0
BRDA:414,20,0,0
BRDA:414,20,1,0
BRF:30
BRH:9
end_of_record
TN:
SF:src/modules/auth/email.service.ts
FN:8,(anonymous_2)
FN:12,(anonymous_3)
FN:34,(anonymous_4)
FNF:3
FNH:0
FNDA:0,(anonymous_2)
FNDA:0,(anonymous_3)
FNDA:0,(anonymous_4)
DA:1,1
DA:2,1
DA:5,1
DA:9,0
DA:13,0
DA:15,0
DA:16,0
DA:30,0
DA:35,0
DA:37,0
DA:38,0
DA:51,0
LF:12
LH:3
BRF:0
BRH:0
end_of_record
TN:
SF:src/modules/auth/jwt.strategy.ts
FN:9,(anonymous_2)
FN:13,(anonymous_3)
FN:22,(anonymous_4)
FNF:3
FNH:0
FNDA:0,(anonymous_2)
FNDA:0,(anonymous_3)
FNDA:0,(anonymous_4)
DA:1,0
DA:2,0
DA:3,0
DA:5,0
DA:8,0
DA:9,0
DA:10,0
DA:14,0
DA:23,0
DA:28,0
DA:29,0
DA:32,0
LF:12
LH:0
BRDA:18,0,0,0
BRDA:18,0,1,0
BRDA:28,1,0,0
BRF:3
BRH:0
end_of_record
TN:
SF:src/modules/auth/decorators/auth.decorators.ts
FN:4,(anonymous_0)
FN:5,(anonymous_1)
FN:8,(anonymous_2)
FNF:3
FNH:0
FNDA:0,(anonymous_0)
FNDA:0,(anonymous_1)
FNDA:0,(anonymous_2)
DA:1,0
DA:2,0
DA:4,0
DA:5,0
DA:7,0
DA:9,0
DA:10,0
LF:7
LH:0
BRF:0
BRH:0
end_of_record
TN:
SF:src/modules/auth/dto/auth.dto.ts
FNF:0
FNH:0
DA:1,0
DA:3,0
DA:16,0
LF:3
LH:0
BRF:0
BRH:0
end_of_record
TN:
SF:src/modules/auth/dto/password-reset.dto.ts
FNF:0
FNH:0
DA:1,0
DA:3,0
DA:7,0
LF:3
LH:0
BRF:0
BRH:0
end_of_record
TN:
SF:src/modules/auth/dto/update-profile.dto.ts
FN:6,(anonymous_0)
FNF:1
FNH:0
FNDA:0,(anonymous_0)
DA:1,0
DA:3,0
DA:6,0
LF:3
LH:0
BRDA:6,0,0,0
BRDA:6,0,1,0
BRF:2
BRH:0
end_of_record
TN:
SF:src/modules/auth/dto/verify-email.dto.ts
FNF:0
FNH:0
DA:1,0
DA:3,0
LF:2
LH:0
BRF:0
BRH:0
end_of_record
TN:
SF:src/modules/auth/guards/jwt-auth.guard.ts
FN:7,(anonymous_2)
FN:11,(anonymous_3)
FNF:2
FNH:0
FNDA:0,(anonymous_2)
FNDA:0,(anonymous_3)
DA:1,0
DA:2,0
DA:3,0
DA:6,0
DA:7,0
DA:8,0
DA:12,0
DA:13,0
DA:14,0
DA:16,0
LF:10
LH:0
BRDA:13,0,0,0
BRF:1
BRH:0
end_of_record
TN:
SF:src/modules/auth/guards/roles.guard.ts
FN:6,(anonymous_2)
FN:8,(anonymous_3)
FNF:2
FNH:0
FNDA:0,(anonymous_2)
FNDA:0,(anonymous_3)
DA:1,0
DA:2,0
DA:5,0
DA:6,0
DA:9,0
DA:10,0
DA:11,0
DA:14,0
DA:15,0
DA:17,0
DA:18,0
DA:21,0
LF:12
LH:0
BRDA:10,0,0,0
BRDA:17,1,0,0
BRDA:17,2,0,0
BRDA:17,2,1,0
BRF:4
BRH:0
end_of_record
TN:
SF:src/modules/companies/companies.controller.ts
FN:12,(anonymous_4)
FN:18,(anonymous_5)
FNF:2
FNH:0
FNDA:0,(anonymous_4)
FNDA:0,(anonymous_5)
DA:1,0
DA:2,0
DA:3,0
DA:4,0
DA:5,0
DA:11,0
DA:12,0
DA:18,0
DA:19,0
LF:9
LH:0
BRF:0
BRH:0
end_of_record
TN:
SF:src/modules/companies/companies.module.ts
FNF:0
FNH:0
DA:1,0
DA:2,0
DA:3,0
DA:4,0
DA:10,0
LF:5
LH:0
BRF:0
BRH:0
end_of_record
TN:
SF:src/modules/companies/companies.service.ts
FN:6,(anonymous_2)
FN:8,(anonymous_3)
FNF:2
FNH:0
FNDA:0,(anonymous_2)
FNDA:0,(anonymous_3)
DA:1,0
DA:2,0
DA:5,0
DA:6,0
DA:9,0
DA:23,0
DA:24,0
DA:27,0
LF:8
LH:0
BRDA:23,0,0,0
BRF:1
BRH:0
end_of_record
TN:
SF:src/modules/favorites/favorites.controller.ts
FN:14,(anonymous_4)
FN:20,(anonymous_5)
FN:30,(anonymous_6)
FN:41,(anonymous_7)
FN:48,(anonymous_8)
FNF:5
FNH:0
FNDA:0,(anonymous_4)
FNDA:0,(anonymous_5)
FNDA:0,(anonymous_6)
FNDA:0,(anonymous_7)
FNDA:0,(anonymous_8)
DA:1,0
DA:2,0
DA:3,0
DA:4,0
DA:5,0
DA:6,0
DA:7,0
DA:13,0
DA:14,0
DA:20,0
DA:24,0
DA:30,0
DA:34,0
DA:35,0
DA:41,0
DA:42,0
DA:48,0
DA:52,0
LF:18
LH:0
BRF:0
BRH:0
end_of_record
TN:
SF:src/modules/favorites/favorites.module.ts
FNF:0
FNH:0
DA:1,0
DA:2,0
DA:3,0
DA:4,0
DA:11,0
LF:5
LH:0
BRF:0
BRH:0
end_of_record
TN:
SF:src/modules/favorites/favorites.service.ts
FN:6,(anonymous_2)
FN:8,(anonymous_3)
FN:32,(anonymous_4)
FN:38,(anonymous_5)
FN:47,(anonymous_6)
FN:54,(anonymous_7)
FNF:6
FNH:0
FNDA:0,(anonymous_2)
FNDA:0,(anonymous_3)
FNDA:0,(anonymous_4)
FNDA:0,(anonymous_5)
FNDA:0,(anonymous_6)
FNDA:0,(anonymous_7)
DA:1,0
DA:2,0
DA:5,0
DA:6,0
DA:9,0
DA:13,0
DA:14,0
DA:17,0
DA:23,0
DA:24,0
DA:27,0
DA:33,0
DA:39,0
DA:47,0
DA:55,0
DA:61,0
LF:16
LH:0
BRDA:13,0,0,0
BRDA:23,1,0,0
BRF:2
BRH:0
end_of_record
TN:
SF:src/modules/favorites/dto/favorite.dto.ts
FNF:0
FNH:0
DA:1,0
DA:3,0
LF:2
LH:0
BRF:0
BRH:0
end_of_record
TN:
SF:src/modules/health/health.controller.ts
FN:9,(anonymous_2)
FN:14,(anonymous_3)
FN:21,(anonymous_4)
FN:28,(anonymous_5)
FNF:4
FNH:0
FNDA:0,(anonymous_2)
FNDA:0,(anonymous_3)
FNDA:0,(anonymous_4)
FNDA:0,(anonymous_5)
DA:1,0
DA:2,0
DA:3,0
DA:4,0
DA:8,0
DA:9,0
DA:14,0
DA:15,0
DA:21,0
DA:22,0
DA:28,0
DA:29,0
LF:12
LH:0
BRF:0
BRH:0
end_of_record
TN:
SF:src/modules/health/health.module.ts
FNF:0
FNH:0
DA:1,0
DA:2,0
DA:3,0
DA:4,0
DA:10,0
LF:5
LH:0
BRF:0
BRH:0
end_of_record
TN:
SF:src/modules/health/health.service.ts
FN:6,(anonymous_2)
FN:8,(anonymous_3)
FN:17,(anonymous_4)
FN:30,(anonymous_5)
FN:46,(anonymous_6)
FN:57,(anonymous_7)
FN:70,(anonymous_8)
FNF:7
FNH:0
FNDA:0,(anonymous_2)
FNDA:0,(anonymous_3)
FNDA:0,(anonymous_4)
FNDA:0,(anonymous_5)
FNDA:0,(anonymous_6)
FNDA:0,(anonymous_7)
FNDA:0,(anonymous_8)
DA:1,0
DA:2,0
DA:5,0
DA:6,0
DA:9,0
DA:15,0
DA:17,0
DA:19,0
DA:31,0
DA:32,0
DA:33,0
DA:38,0
DA:47,0
DA:48,0
DA:49,0
DA:51,0
DA:58,0
DA:59,0
DA:60,0
DA:62,0
DA:71,0
DA:72,0
LF:22
LH:0
BRDA:20,0,0,0
BRDA:20,0,1,0
BRDA:23,1,0,0
BRDA:23,1,1,0
BRDA:24,2,0,0
BRDA:24,2,1,0
BRDA:25,3,0,0
BRDA:25,3,1,0
BRDA:63,4,0,0
BRDA:63,4,1,0
BRF:10
BRH:0
end_of_record
TN:
SF:src/modules/machines/machines.controller.ts
FN:20,(anonymous_4)
FN:27,(anonymous_5)
FN:38,(anonymous_6)
FN:41,(anonymous_7)
FN:45,(anonymous_8)
FN:58,(anonymous_9)
FN:67,(anonymous_10)
FN:75,(anonymous_11)
FN:85,(anonymous_12)
FN:95,(anonymous_13)
FN:106,(anonymous_14)
FN:121,(anonymous_15)
FNF:12
FNH:0
FNDA:0,(anonymous_4)
FNDA:0,(anonymous_5)
FNDA:0,(anonymous_6)
FNDA:0,(anonymous_7)
FNDA:0,(anonymous_8)
FNDA:0,(anonymous_9)
FNDA:0,(anonymous_10)
FNDA:0,(anonymous_11)
FNDA:0,(anonymous_12)
FNDA:0,(anonymous_13)
FNDA:0,(anonymous_14)
FNDA:0,(anonymous_15)
DA:1,0
DA:2,0
DA:3,0
DA:4,0
DA:5,0
DA:13,0
DA:14,0
DA:15,0
DA:19,0
DA:20,0
DA:27,0
DA:31,0
DA:38,0
DA:39,0
DA:41,0
DA:42,0
DA:45,0
DA:46,0
DA:49,0
DA:50,0
DA:58,0
DA:59,0
DA:67,0
DA:68,0
DA:75,0
DA:76,0
DA:85,0
DA:86,0
DA:95,0
DA:96,0
DA:106,0
DA:111,0
DA:121,0
DA:122,0
LF:34
LH:0
BRDA:42,0,0,0
BRDA:46,1,0,0
BRF:2
BRH:0
end_of_record
TN:
SF:src/modules/machines/machines.module.ts
FNF:0
FNH:0
DA:1,0
DA:2,0
DA:3,0
DA:4,0
DA:11,0
LF:5
LH:0
BRF:0
BRH:0
end_of_record
TN:
SF:src/modules/machines/machines.service.ts
FN:7,(anonymous_2)
FN:9,(anonymous_3)
FN:59,(anonymous_4)
FN:129,(anonymous_5)
FN:157,(anonymous_6)
FN:174,(anonymous_7)
FN:201,(anonymous_8)
FN:216,(anonymous_9)
FN:222,(anonymous_10)
FN:232,(anonymous_11)
FN:263,(anonymous_12)
FN:276,(anonymous_13)
FN:358,(anonymous_14)
FNF:13
FNH:4
FNDA:6,(anonymous_2)
FNDA:2,(anonymous_3)
FNDA:0,(anonymous_4)
FNDA:0,(anonymous_5)
FNDA:0,(anonymous_6)
FNDA:2,(anonymous_7)
FNDA:0,(anonymous_8)
FNDA:0,(anonymous_9)
FNDA:0,(anonymous_10)
FNDA:0,(anonymous_11)
FNDA:0,(anonymous_12)
FNDA:0,(anonymous_13)
FNDA:2,(anonymous_14)
DA:1,1
DA:2,1
DA:6,1
DA:7,6
DA:10,2
DA:15,2
DA:16,0
DA:19,2
DA:20,1
DA:28,1
DA:29,1
DA:35,1
DA:53,1
DA:60,0
DA:61,0
DA:63,0
DA:68,0
DA:69,0
DA:77,0
DA:78,0
DA:79,0
DA:80,0
DA:81,0
DA:83,0
DA:84,0
DA:85,0
DA:86,0
DA:89,0
DA:90,0
DA:91,0
DA:92,0
DA:95,0
DA:96,0
DA:97,0
DA:98,0
DA:101,0
DA:102,0
DA:103,0
DA:104,0
DA:107,0
DA:108,0
DA:109,0
DA:110,0
DA:112,0
DA:129,0
DA:130,0
DA:131,0
DA:132,0
DA:133,0
DA:134,0
DA:135,0
DA:136,0
DA:137,0
DA:138,0
DA:139,0
DA:141,0
DA:142,0
DA:144,0
DA:145,0
DA:146,0
DA:147,0
DA:150,0
DA:154,0
DA:156,0
DA:158,0
DA:159,0
DA:175,2
DA:190,2
DA:191,1
DA:194,1
DA:202,0
DA:216,0
DA:223,0
DA:229,0
DA:233,0
DA:245,0
DA:246,0
DA:249,0
DA:254,0
DA:264,0
DA:265,0
DA:266,0
DA:269,0
DA:273,0
DA:277,0
DA:290,0
DA:291,0
DA:294,0
DA:295,0
DA:298,0
DA:299,0
DA:300,0
DA:310,0
DA:311,0
DA:318,0
DA:319,0
DA:320,0
DA:330,0
DA:331,0
DA:338,0
DA:352,0
DA:359,2
DA:363,2
DA:364,0
DA:367,2
DA:368,1
DA:371,1
DA:375,1
LF:108
LH:22
BRDA:15,0,0,0
BRDA:19,1,0,1
BRDA:28,2,0,1
BRDA:60,3,0,0
BRDA:60,4,0,0
BRDA:60,5,0,0
BRDA:68,6,0,0
BRDA:77,7,0,0
BRDA:78,8,0,0
BRDA:79,9,0,0
BRDA:80,10,0,0
BRDA:81,11,0,0
BRDA:83,12,0,0
BRDA:83,13,0,0
BRDA:83,13,1,0
BRDA:85,14,0,0
BRDA:86,15,0,0
BRDA:89,16,0,0
BRDA:89,17,0,0
BRDA:89,17,1,0
BRDA:91,18,0,0
BRDA:92,19,0,0
BRDA:95,20,0,0
BRDA:95,21,0,0
BRDA:95,21,1,0
BRDA:97,22,0,0
BRDA:98,23,0,0
BRDA:101,24,0,0
BRDA:101,25,0,0
BRDA:101,25,1,0
BRDA:103,26,0,0
BRDA:104,27,0,0
BRDA:107,28,0,0
BRDA:108,29,0,0
BRDA:109,30,0,0
BRDA:110,31,0,0
BRDA:130,32,0,0
BRDA:130,32,1,0
BRDA:131,33,0,0
BRDA:132,34,0,0
BRDA:134,35,0,0
BRDA:134,35,1,0
BRDA:136,36,0,0
BRDA:136,36,1,0
BRDA:138,37,0,0
BRDA:138,37,1,0
BRDA:141,38,0,0
BRDA:141,39,0,0
BRDA:141,39,1,0
BRDA:142,40,0,0
BRDA:142,41,0,0
BRDA:142,41,1,0
BRDA:144,42,0,0
BRDA:144,42,1,0
BRDA:145,43,0,0
BRDA:145,43,1,0
BRDA:146,44,0,0
BRDA:147,45,0,0
BRDA:147,45,1,0
BRDA:190,46,0,1
BRDA:196,47,0,1
BRDA:196,47,1,1
BRDA:245,48,0,0
BRDA:257,49,0,0
BRDA:257,49,1,0
BRDA:265,50,0,0
BRDA:290,51,0,0
BRDA:294,52,0,0
BRDA:298,53,0,0
BRDA:298,54,0,0
BRDA:298,54,1,0
BRDA:299,55,0,0
BRDA:310,56,0,0
BRDA:318,57,0,0
BRDA:318,58,0,0
BRDA:318,58,1,0
BRDA:319,59,0,0
BRDA:330,60,0,0
BRDA:363,61,0,0
BRDA:367,62,0,1
BRF:80
BRH:6
end_of_record
TN:
SF:src/modules/machines/dto/machine.dto.ts
FNF:0
FNH:0
DA:1,0
DA:3,0
DA:4,0
DA:15,0
DA:25,0
DA:56,0
DA:63,0
LF:7
LH:0
BRF:0
BRH:0
end_of_record
TN:
SF:src/modules/metrics/metrics.controller.ts
FN:9,(anonymous_2)
FN:14,(anonymous_3)
FNF:2
FNH:0
FNDA:0,(anonymous_2)
FNDA:0,(anonymous_3)
DA:1,0
DA:2,0
DA:3,0
DA:4,0
DA:8,0
DA:9,0
DA:14,0
DA:15,0
LF:8
LH:0
BRF:0
BRH:0
end_of_record
TN:
SF:src/modules/metrics/metrics.module.ts
FNF:0
FNH:0
DA:1,0
DA:2,0
DA:3,0
DA:4,0
DA:10,0
LF:5
LH:0
BRF:0
BRH:0
end_of_record
TN:
SF:src/modules/metrics/metrics.service.ts
FN:6,(anonymous_2)
FN:8,(anonymous_3)
FNF:2
FNH:0
FNDA:0,(anonymous_2)
FNDA:0,(anonymous_3)
DA:1,0
DA:2,0
DA:5,0
DA:6,0
DA:17,0
DA:27,0
DA:28,0
DA:30,0
LF:8
LH:0
BRDA:49,0,0,0
BRDA:49,0,1,0
BRF:2
BRH:0
end_of_record
TN:
SF:src/modules/notifications/notifications.controller.ts
FN:12,(anonymous_4)
FN:17,(anonymous_5)
FN:35,(anonymous_6)
FN:42,(anonymous_7)
FN:49,(anonymous_8)
FN:57,(anonymous_9)
FNF:6
FNH:0
FNDA:0,(anonymous_4)
FNDA:0,(anonymous_5)
FNDA:0,(anonymous_6)
FNDA:0,(anonymous_7)
FNDA:0,(anonymous_8)
FNDA:0,(anonymous_9)
DA:1,0
DA:2,0
DA:3,0
DA:4,0
DA:5,0
DA:11,0
DA:12,0
DA:17,0
DA:23,0
DA:24,0
DA:35,0
DA:36,0
DA:42,0
DA:43,0
DA:49,0
DA:50,0
DA:57,0
DA:58,0
LF:18
LH:0
BRDA:23,0,0,0
BRDA:23,0,1,0
BRDA:23,1,0,0
BRDA:23,1,1,0
BRDA:27,2,0,0
BRDA:27,2,1,0
BRDA:28,3,0,0
BRDA:28,3,1,0
BRF:8
BRH:0
end_of_record
TN:
SF:src/modules/notifications/notifications.module.ts
FNF:0
FNH:0
DA:1,0
DA:2,0
DA:3,0
DA:4,0
DA:11,0
LF:5
LH:0
BRF:0
BRH:0
end_of_record
TN:
SF:src/modules/notifications/notifications.service.ts
FN:7,(anonymous_2)
FN:9,(anonymous_3)
FN:29,(anonymous_4)
FN:36,(anonymous_5)
FN:43,(anonymous_6)
FN:51,(anonymous_7)
FN:57,(anonymous_8)
FNF:7
FNH:0
FNDA:0,(anonymous_2)
FNDA:0,(anonymous_3)
FNDA:0,(anonymous_4)
FNDA:0,(anonymous_5)
FNDA:0,(anonymous_6)
FNDA:0,(anonymous_7)
FNDA:0,(anonymous_8)
DA:1,0
DA:2,0
DA:6,0
DA:7,0
DA:10,0
DA:11,0
DA:12,0
DA:15,0
DA:26,0
DA:30,0
DA:33,0
DA:37,0
DA:44,0
DA:48,0
DA:52,0
DA:64,0
LF:16
LH:0
BRDA:9,0,0,0
BRDA:9,1,0,0
BRDA:11,2,0,0
BRF:3
BRH:0
end_of_record
TN:
SF:src/modules/notifications/dto/notification.dto.ts
FNF:0
FNH:0
DA:1,0
DA:3,0
LF:2
LH:0
BRF:0
BRH:0
end_of_record
TN:
SF:src/modules/plans/plans.controller.ts
FN:9,(anonymous_2)
FN:15,(anonymous_3)
FNF:2
FNH:0
FNDA:0,(anonymous_2)
FNDA:0,(anonymous_3)
DA:1,0
DA:2,0
DA:3,0
DA:4,0
DA:8,0
DA:9,0
DA:15,0
DA:16,0
LF:8
LH:0
BRF:0
BRH:0
end_of_record
TN:
SF:src/modules/plans/plans.module.ts
FNF:0
FNH:0
DA:1,0
DA:2,0
DA:3,0
DA:10,0
LF:4
LH:0
BRF:0
BRH:0
end_of_record
TN:
SF:src/modules/plans/plans.service.ts
FN:12,(anonymous_1)
FN:40,(anonymous_2)
FN:44,(anonymous_3)
FN:45,(anonymous_4)
FNF:4
FNH:0
FNDA:0,(anonymous_1)
FNDA:0,(anonymous_2)
FNDA:0,(anonymous_3)
FNDA:0,(anonymous_4)
DA:1,0
DA:12,0
DA:13,0
DA:41,0
DA:45,0
LF:5
LH:0
BRF:0
BRH:0
end_of_record
TN:
SF:src/modules/proposals/proposals.controller.ts
FN:14,(anonymous_4)
FN:19,(anonymous_5)
FN:29,(anonymous_6)
FN:39,(anonymous_7)
FN:46,(anonymous_8)
FN:53,(anonymous_9)
FN:65,(anonymous_10)
FN:72,(anonymous_11)
FNF:8
FNH:0
FNDA:0,(anonymous_4)
FNDA:0,(anonymous_5)
FNDA:0,(anonymous_6)
FNDA:0,(anonymous_7)
FNDA:0,(anonymous_8)
FNDA:0,(anonymous_9)
FNDA:0,(anonymous_10)
FNDA:0,(anonymous_11)
DA:1,0
DA:2,0
DA:3,0
DA:4,0
DA:5,0
DA:6,0
DA:7,0
DA:13,0
DA:14,0
DA:19,0
DA:23,0
DA:29,0
DA:33,0
DA:39,0
DA:40,0
DA:46,0
DA:47,0
DA:53,0
DA:58,0
DA:65,0
DA:66,0
DA:72,0
DA:73,0
LF:23
LH:0
BRDA:31,0,0,0
BRF:1
BRH:0
end_of_record
TN:
SF:src/modules/proposals/proposals.module.ts
FNF:0
FNH:0
DA:1,0
DA:2,0
DA:3,0
DA:4,0
DA:10,0
LF:5
LH:0
BRF:0
BRH:0
end_of_record
TN:
SF:src/modules/proposals/proposals.service.ts
FN:7,(anonymous_2)
FN:9,(anonymous_3)
FN:58,(anonymous_4)
FN:91,(anonymous_5)
FN:117,(anonymous_6)
FN:143,(anonymous_7)
FN:171,(anonymous_8)
FN:192,(anonymous_9)
FNF:8
FNH:0
FNDA:0,(anonymous_2)
FNDA:0,(anonymous_3)
FNDA:0,(anonymous_4)
FNDA:0,(anonymous_5)
FNDA:0,(anonymous_6)
FNDA:0,(anonymous_7)
FNDA:0,(anonymous_8)
FNDA:0,(anonymous_9)
DA:1,0
DA:2,0
DA:6,0
DA:7,0
DA:10,0
DA:15,0
DA:16,0
DA:19,0
DA:20,0
DA:23,0
DA:59,0
DA:61,0
DA:92,0
DA:96,0
DA:97,0
DA:100,0
DA:101,0
DA:104,0
DA:105,0
DA:108,0
DA:118,0
DA:122,0
DA:123,0
DA:126,0
DA:127,0
DA:130,0
DA:131,0
DA:134,0
DA:144,0
DA:148,0
DA:149,0
DA:152,0
DA:153,0
DA:156,0
DA:157,0
DA:160,0
DA:172,0
DA:176,0
DA:177,0
DA:180,0
DA:181,0
DA:184,0
DA:185,0
DA:188,0
DA:189,0
DA:193,0
DA:197,0
DA:198,0
DA:201,0
DA:202,0
DA:205,0
DA:206,0
DA:207,0
DA:209,0
DA:210,0
DA:213,0
LF:56
LH:0
BRDA:15,0,0,0
BRDA:19,1,0,0
BRDA:59,2,0,0
BRDA:59,2,1,0
BRDA:96,3,0,0
BRDA:100,4,0,0
BRDA:104,5,0,0
BRDA:104,6,0,0
BRDA:104,6,1,0
BRDA:122,7,0,0
BRDA:126,8,0,0
BRDA:130,9,0,0
BRDA:130,10,0,0
BRDA:130,10,1,0
BRDA:148,11,0,0
BRDA:152,12,0,0
BRDA:156,13,0,0
BRDA:176,14,0,0
BRDA:180,15,0,0
BRDA:184,16,0,0
BRDA:197,17,0,0
BRDA:201,18,0,0
BRDA:201,19,0,0
BRDA:201,19,1,0
BRDA:206,20,0,0
BRDA:209,21,0,0
BRF:26
BRH:0
end_of_record
TN:
SF:src/modules/proposals/dto/proposal.dto.ts
FNF:0
FNH:0
DA:1,0
DA:3,0
DA:9,0
LF:3
LH:0
BRF:0
BRH:0
end_of_record
TN:
SF:src/modules/reviews/reviews.controller.ts
FN:12,(anonymous_4)
FN:21,(anonymous_5)
FN:32,(anonymous_6)
FN:40,(anonymous_7)
FN:48,(anonymous_8)
FN:58,(anonymous_9)
FN:73,(anonymous_10)
FNF:7
FNH:0
FNDA:0,(anonymous_4)
FNDA:0,(anonymous_5)
FNDA:0,(anonymous_6)
FNDA:0,(anonymous_7)
FNDA:0,(anonymous_8)
FNDA:0,(anonymous_9)
FNDA:0,(anonymous_10)
DA:1,0
DA:2,0
DA:3,0
DA:4,0
DA:5,0
DA:6,0
DA:7,0
DA:11,0
DA:12,0
DA:21,0
DA:25,0
DA:32,0
DA:33,0
DA:40,0
DA:41,0
DA:48,0
DA:49,0
DA:58,0
DA:63,0
DA:73,0
DA:74,0
LF:21
LH:0
BRF:0
BRH:0
end_of_record
TN:
SF:src/modules/reviews/reviews.module.ts
FNF:0
FNH:0
DA:1,0
DA:2,0
DA:3,0
DA:4,0
DA:11,0
LF:5
LH:0
BRF:0
BRH:0
end_of_record
TN:
SF:src/modules/reviews/reviews.service.ts
FN:7,(anonymous_2)
FN:9,(anonymous_3)
FN:68,(anonymous_4)
FN:91,(anonymous_5)
FN:109,(anonymous_6)
FN:119,(anonymous_7)
FN:133,(anonymous_8)
FN:145,(anonymous_9)
FN:169,(anonymous_10)
FNF:9
FNH:0
FNDA:0,(anonymous_2)
FNDA:0,(anonymous_3)
FNDA:0,(anonymous_4)
FNDA:0,(anonymous_5)
FNDA:0,(anonymous_6)
FNDA:0,(anonymous_7)
FNDA:0,(anonymous_8)
FNDA:0,(anonymous_9)
FNDA:0,(anonymous_10)
DA:1,0
DA:2,0
DA:6,0
DA:7,0
DA:10,0
DA:11,0
DA:14,0
DA:18,0
DA:19,0
DA:22,0
DA:23,0
DA:27,0
DA:28,0
DA:32,0
DA:33,0
DA:49,0
DA:59,0
DA:61,0
DA:62,0
DA:64,0
DA:69,0
DA:78,0
DA:84,0
DA:90,0
DA:91,0
DA:92,0
DA:95,0
DA:110,0
DA:120,0
DA:126,0
DA:132,0
DA:133,0
DA:134,0
DA:137,0
DA:146,0
DA:150,0
DA:151,0
DA:154,0
DA:155,0
DA:158,0
DA:159,0
DA:160,0
DA:163,0
DA:170,0
DA:174,0
DA:175,0
DA:178,0
DA:179,0
DA:182,0
LF:49
LH:0
BRDA:10,0,0,0
BRDA:18,1,0,0
BRDA:22,2,0,0
BRDA:27,3,0,0
BRDA:61,4,0,0
BRDA:99,5,0,0
BRDA:99,5,1,0
BRDA:140,6,0,0
BRDA:140,6,1,0
BRDA:150,7,0,0
BRDA:154,8,0,0
BRDA:159,9,0,0
BRDA:174,10,0,0
BRDA:178,11,0,0
BRF:14
BRH:0
end_of_record
TN:
SF:src/modules/reviews/dto/review.dto.ts
FNF:0
FNH:0
DA:1,0
DA:3,0
DA:10,0
LF:3
LH:0
BRF:0
BRH:0
end_of_record
TN:
SF:src/modules/users/users.controller.ts
FN:14,(anonymous_4)
FN:19,(anonymous_5)
FN:26,(anonymous_6)
FNF:3
FNH:0
FNDA:0,(anonymous_4)
FNDA:0,(anonymous_5)
FNDA:0,(anonymous_6)
DA:1,0
DA:2,0
DA:3,0
DA:4,0
DA:5,0
DA:6,0
DA:7,0
DA:13,0
DA:14,0
DA:19,0
DA:20,0
DA:26,0
DA:30,0
LF:13
LH:0
BRF:0
BRH:0
end_of_record
TN:
SF:src/modules/users/users.module.ts
FNF:0
FNH:0
DA:1,0
DA:2,0
DA:3,0
DA:4,0
DA:10,0
LF:5
LH:0
BRF:0
BRH:0
end_of_record
TN:
SF:src/modules/users/users.service.ts
FN:7,(anonymous_2)
FN:9,(anonymous_3)
FN:36,(anonymous_4)
FNF:3
FNH:0
FNDA:0,(anonymous_2)
FNDA:0,(anonymous_3)
FNDA:0,(anonymous_4)
DA:1,0
DA:2,0
DA:6,0
DA:7,0
DA:10,0
DA:29,0
DA:30,0
DA:33,0
DA:37,0
DA:38,0
DA:39,0
DA:41,0
LF:12
LH:0
BRDA:29,0,0,0
BRDA:38,1,0,0
BRDA:39,2,0,0
BRF:3
BRH:0
end_of_record
TN:
SF:src/modules/users/dto/user.dto.ts
FNF:0
FNH:0
DA:1,0
DA:3,0
LF:2
LH:0
BRF:0
BRH:0
end_of_record
TN:
SF:src/modules/webhooks/webhooks.controller.ts
FN:8,(anonymous_4)
FN:12,(anonymous_5)
FN:24,(anonymous_6)
FNF:3
FNH:0
FNDA:0,(anonymous_4)
FNDA:0,(anonymous_5)
FNDA:0,(anonymous_6)
DA:1,0
DA:3,0
DA:4,0
DA:7,0
DA:8,0
DA:12,0
DA:13,0
DA:14,0
DA:15,0
DA:17,0
DA:18,0
DA:24,0
DA:25,0
LF:13
LH:0
BRF:0
BRH:0
end_of_record
TN:
SF:src/modules/webhooks/webhooks.module.ts
FNF:0
FNH:0
DA:1,0
DA:2,0
DA:3,0
DA:4,0
DA:10,0
LF:5
LH:0
BRF:0
BRH:0
end_of_record
TN:
SF:src/modules/webhooks/webhooks.service.ts
FN:10,(anonymous_2)
FN:16,(anonymous_3)
FNF:2
FNH:0
FNDA:0,(anonymous_2)
FNDA:0,(anonymous_3)
DA:1,0
DA:2,0
DA:3,0
DA:6,0
DA:7,0
DA:10,0
DA:11,0
DA:17,0
DA:18,0
DA:21,0
DA:23,0
DA:24,0
DA:27,0
DA:28,0
DA:29,0
DA:31,0
DA:32,0
DA:35,0
DA:37,0
DA:38,0
DA:39,0
DA:42,0
DA:43,0
DA:44,0
DA:46,0
DA:47,0
DA:48,0
DA:51,0
DA:56,0
DA:58,0
DA:67,0
DA:70,0
LF:32
LH:0
BRDA:12,0,0,0
BRDA:12,0,1,0
BRDA:17,1,0,0
BRDA:23,2,0,0
BRDA:31,3,0,0
BRDA:37,4,0,0
BRDA:46,5,0,0
BRDA:46,6,0,0
BRDA:46,6,1,0
BRDA:56,7,0,0
BRDA:56,7,1,0
BRF:11
BRH:0
end_of_record
